CRITICAL - 2023-01-14 06:22:21 --> syntax error, unexpected token "return"
#0 C:\xampp\htdocs\pkl\system\Autoloader\Autoloader.php(241): CodeIgniter\Autoloader\Autoloader->includeFile('C:\\xampp\\htdocs...')
#1 C:\xampp\htdocs\pkl\system\Autoloader\Autoloader.php(219): CodeIgniter\Autoloader\Autoloader->loadInNamespace('App\\Controllers...')
#2 [internal function]: CodeIgniter\Autoloader\Autoloader->loadClass('App\\Controllers...')
#3 C:\xampp\htdocs\pkl\system\CodeIgniter.php(797): class_exists('\\App\\Controller...', true)
#4 C:\xampp\htdocs\pkl\system\CodeIgniter.php(406): CodeIgniter\CodeIgniter->startController()
#5 C:\xampp\htdocs\pkl\system\CodeIgniter.php(326): CodeIgniter\CodeIgniter->handleRequest(NULL, Object(Config\Cache), false)
#6 C:\xampp\htdocs\pkl\public\index.php(37): CodeIgniter\CodeIgniter->run()
#7 {main}
CRITICAL - 2023-01-14 06:22:40 --> syntax error, unexpected token "return"
#0 C:\xampp\htdocs\pkl\system\Autoloader\Autoloader.php(241): CodeIgniter\Autoloader\Autoloader->includeFile('C:\\xampp\\htdocs...')
#1 C:\xampp\htdocs\pkl\system\Autoloader\Autoloader.php(219): CodeIgniter\Autoloader\Autoloader->loadInNamespace('App\\Controllers...')
#2 [internal function]: CodeIgniter\Autoloader\Autoloader->loadClass('App\\Controllers...')
#3 C:\xampp\htdocs\pkl\system\CodeIgniter.php(797): class_exists('\\App\\Controller...', true)
#4 C:\xampp\htdocs\pkl\system\CodeIgniter.php(406): CodeIgniter\CodeIgniter->startController()
#5 C:\xampp\htdocs\pkl\system\CodeIgniter.php(326): CodeIgniter\CodeIgniter->handleRequest(NULL, Object(Config\Cache), false)
#6 C:\xampp\htdocs\pkl\public\index.php(37): CodeIgniter\CodeIgniter->run()
#7 {main}
CRITICAL - 2023-01-14 06:22:41 --> syntax error, unexpected token "return"
#0 C:\xampp\htdocs\pkl\system\Autoloader\Autoloader.php(241): CodeIgniter\Autoloader\Autoloader->includeFile('C:\\xampp\\htdocs...')
#1 C:\xampp\htdocs\pkl\system\Autoloader\Autoloader.php(219): CodeIgniter\Autoloader\Autoloader->loadInNamespace('App\\Controllers...')
#2 [internal function]: CodeIgniter\Autoloader\Autoloader->loadClass('App\\Controllers...')
#3 C:\xampp\htdocs\pkl\system\CodeIgniter.php(797): class_exists('\\App\\Controller...', true)
#4 C:\xampp\htdocs\pkl\system\CodeIgniter.php(406): CodeIgniter\CodeIgniter->startController()
#5 C:\xampp\htdocs\pkl\system\CodeIgniter.php(326): CodeIgniter\CodeIgniter->handleRequest(NULL, Object(Config\Cache), false)
#6 C:\xampp\htdocs\pkl\public\index.php(37): CodeIgniter\CodeIgniter->run()
#7 {main}
CRITICAL - 2023-01-14 06:23:18 --> syntax error, unexpected token "return"
#0 C:\xampp\htdocs\pkl\system\Autoloader\Autoloader.php(241): CodeIgniter\Autoloader\Autoloader->includeFile('C:\\xampp\\htdocs...')
#1 C:\xampp\htdocs\pkl\system\Autoloader\Autoloader.php(219): CodeIgniter\Autoloader\Autoloader->loadInNamespace('App\\Controllers...')
#2 [internal function]: CodeIgniter\Autoloader\Autoloader->loadClass('App\\Controllers...')
#3 C:\xampp\htdocs\pkl\system\CodeIgniter.php(797): class_exists('\\App\\Controller...', true)
#4 C:\xampp\htdocs\pkl\system\CodeIgniter.php(406): CodeIgniter\CodeIgniter->startController()
#5 C:\xampp\htdocs\pkl\system\CodeIgniter.php(326): CodeIgniter\CodeIgniter->handleRequest(NULL, Object(Config\Cache), false)
#6 C:\xampp\htdocs\pkl\public\index.php(37): CodeIgniter\CodeIgniter->run()
#7 {main}
CRITICAL - 2023-01-14 06:29:41 --> syntax error, unexpected variable "$this", expecting "function" or "const"
#0 C:\xampp\htdocs\pkl\system\Autoloader\Autoloader.php(241): CodeIgniter\Autoloader\Autoloader->includeFile('C:\\xampp\\htdocs...')
#1 C:\xampp\htdocs\pkl\system\Autoloader\Autoloader.php(219): CodeIgniter\Autoloader\Autoloader->loadInNamespace('App\\Controllers...')
#2 C:\xampp\htdocs\pkl\app\Controllers\Scientist.php(7): CodeIgniter\Autoloader\Autoloader->loadClass('App\\Controllers...')
#3 C:\xampp\htdocs\pkl\system\Autoloader\Autoloader.php(264): include_once('C:\\xampp\\htdocs...')
#4 C:\xampp\htdocs\pkl\system\Autoloader\Autoloader.php(241): CodeIgniter\Autoloader\Autoloader->includeFile('C:\\xampp\\htdocs...')
#5 C:\xampp\htdocs\pkl\system\Autoloader\Autoloader.php(219): CodeIgniter\Autoloader\Autoloader->loadInNamespace('App\\Controllers...')
#6 [internal function]: CodeIgniter\Autoloader\Autoloader->loadClass('App\\Controllers...')
#7 C:\xampp\htdocs\pkl\system\CodeIgniter.php(797): class_exists('\\App\\Controller...', true)
#8 C:\xampp\htdocs\pkl\system\CodeIgniter.php(406): CodeIgniter\CodeIgniter->startController()
#9 C:\xampp\htdocs\pkl\system\CodeIgniter.php(326): CodeIgniter\CodeIgniter->handleRequest(NULL, Object(Config\Cache), false)
#10 C:\xampp\htdocs\pkl\public\index.php(37): CodeIgniter\CodeIgniter->run()
#11 {main}
CRITICAL - 2023-01-14 06:29:58 --> Undefined property: stdClass::$id
#0 C:\xampp\htdocs\pkl\app\Views\admin\index.php(6): CodeIgniter\Debug\Exceptions->errorHandler(2, 'Undefined prope...', 'C:\\xampp\\htdocs...', 6)
#1 C:\xampp\htdocs\pkl\system\View\View.php(210): include('C:\\xampp\\htdocs...')
#2 C:\xampp\htdocs\pkl\system\View\View.php(213): CodeIgniter\View\View->CodeIgniter\View\{closure}()
#3 C:\xampp\htdocs\pkl\system\Common.php(1089): CodeIgniter\View\View->render('admin/index', Array, true)
#4 C:\xampp\htdocs\pkl\app\Controllers\Scientist.php(21): view('admin/index', Array)
#5 C:\xampp\htdocs\pkl\system\CodeIgniter.php(832): App\Controllers\Scientist->index()
#6 C:\xampp\htdocs\pkl\system\CodeIgniter.php(419): CodeIgniter\CodeIgniter->runController(Object(App\Controllers\Scientist))
#7 C:\xampp\htdocs\pkl\system\CodeIgniter.php(326): CodeIgniter\CodeIgniter->handleRequest(NULL, Object(Config\Cache), false)
#8 C:\xampp\htdocs\pkl\public\index.php(37): CodeIgniter\CodeIgniter->run()
#9 {main}
CRITICAL - 2023-01-14 06:30:13 --> Cannot use object of type stdClass as array
#0 C:\xampp\htdocs\pkl\system\View\View.php(210): include()
#1 C:\xampp\htdocs\pkl\system\View\View.php(213): CodeIgniter\View\View->CodeIgniter\View\{closure}()
#2 C:\xampp\htdocs\pkl\system\Common.php(1089): CodeIgniter\View\View->render('admin/index', Array, true)
#3 C:\xampp\htdocs\pkl\app\Controllers\Scientist.php(21): view('admin/index', Array)
#4 C:\xampp\htdocs\pkl\system\CodeIgniter.php(832): App\Controllers\Scientist->index()
#5 C:\xampp\htdocs\pkl\system\CodeIgniter.php(419): CodeIgniter\CodeIgniter->runController(Object(App\Controllers\Scientist))
#6 C:\xampp\htdocs\pkl\system\CodeIgniter.php(326): CodeIgniter\CodeIgniter->handleRequest(NULL, Object(Config\Cache), false)
#7 C:\xampp\htdocs\pkl\public\index.php(37): CodeIgniter\CodeIgniter->run()
#8 {main}
CRITICAL - 2023-01-14 06:31:05 --> Undefined property: stdClass::$id
#0 C:\xampp\htdocs\pkl\app\Views\admin\index.php(6): CodeIgniter\Debug\Exceptions->errorHandler(2, 'Undefined prope...', 'C:\\xampp\\htdocs...', 6)
#1 C:\xampp\htdocs\pkl\system\View\View.php(210): include('C:\\xampp\\htdocs...')
#2 C:\xampp\htdocs\pkl\system\View\View.php(213): CodeIgniter\View\View->CodeIgniter\View\{closure}()
#3 C:\xampp\htdocs\pkl\system\Common.php(1089): CodeIgniter\View\View->render('admin/index', Array, true)
#4 C:\xampp\htdocs\pkl\app\Controllers\Scientist.php(21): view('admin/index', Array)
#5 C:\xampp\htdocs\pkl\system\CodeIgniter.php(832): App\Controllers\Scientist->index()
#6 C:\xampp\htdocs\pkl\system\CodeIgniter.php(419): CodeIgniter\CodeIgniter->runController(Object(App\Controllers\Scientist))
#7 C:\xampp\htdocs\pkl\system\CodeIgniter.php(326): CodeIgniter\CodeIgniter->handleRequest(NULL, Object(Config\Cache), false)
#8 C:\xampp\htdocs\pkl\public\index.php(37): CodeIgniter\CodeIgniter->run()
#9 {main}
CRITICAL - 2023-01-14 06:31:11 --> Undefined property: stdClass::$id
#0 C:\xampp\htdocs\pkl\app\Views\admin\index.php(60): CodeIgniter\Debug\Exceptions->errorHandler(2, 'Undefined prope...', 'C:\\xampp\\htdocs...', 60)
#1 C:\xampp\htdocs\pkl\system\View\View.php(210): include('C:\\xampp\\htdocs...')
#2 C:\xampp\htdocs\pkl\system\View\View.php(213): CodeIgniter\View\View->CodeIgniter\View\{closure}()
#3 C:\xampp\htdocs\pkl\system\Common.php(1089): CodeIgniter\View\View->render('admin/index', Array, true)
#4 C:\xampp\htdocs\pkl\app\Controllers\Scientist.php(21): view('admin/index', Array)
#5 C:\xampp\htdocs\pkl\system\CodeIgniter.php(832): App\Controllers\Scientist->index()
#6 C:\xampp\htdocs\pkl\system\CodeIgniter.php(419): CodeIgniter\CodeIgniter->runController(Object(App\Controllers\Scientist))
#7 C:\xampp\htdocs\pkl\system\CodeIgniter.php(326): CodeIgniter\CodeIgniter->handleRequest(NULL, Object(Config\Cache), false)
#8 C:\xampp\htdocs\pkl\public\index.php(37): CodeIgniter\CodeIgniter->run()
#9 {main}
CRITICAL - 2023-01-14 06:31:24 --> Undefined property: stdClass::$id
#0 C:\xampp\htdocs\pkl\app\Views\admin\index.php(60): CodeIgniter\Debug\Exceptions->errorHandler(2, 'Undefined prope...', 'C:\\xampp\\htdocs...', 60)
#1 C:\xampp\htdocs\pkl\system\View\View.php(210): include('C:\\xampp\\htdocs...')
#2 C:\xampp\htdocs\pkl\system\View\View.php(213): CodeIgniter\View\View->CodeIgniter\View\{closure}()
#3 C:\xampp\htdocs\pkl\system\Common.php(1089): CodeIgniter\View\View->render('admin/index', Array, true)
#4 C:\xampp\htdocs\pkl\app\Controllers\Scientist.php(21): view('admin/index', Array)
#5 C:\xampp\htdocs\pkl\system\CodeIgniter.php(832): App\Controllers\Scientist->index()
#6 C:\xampp\htdocs\pkl\system\CodeIgniter.php(419): CodeIgniter\CodeIgniter->runController(Object(App\Controllers\Scientist))
#7 C:\xampp\htdocs\pkl\system\CodeIgniter.php(326): CodeIgniter\CodeIgniter->handleRequest(NULL, Object(Config\Cache), false)
#8 C:\xampp\htdocs\pkl\public\index.php(37): CodeIgniter\CodeIgniter->run()
#9 {main}
CRITICAL - 2023-01-14 06:31:28 --> Undefined property: stdClass::$id
#0 C:\xampp\htdocs\pkl\app\Views\admin\index.php(60): CodeIgniter\Debug\Exceptions->errorHandler(2, 'Undefined prope...', 'C:\\xampp\\htdocs...', 60)
#1 C:\xampp\htdocs\pkl\system\View\View.php(210): include('C:\\xampp\\htdocs...')
#2 C:\xampp\htdocs\pkl\system\View\View.php(213): CodeIgniter\View\View->CodeIgniter\View\{closure}()
#3 C:\xampp\htdocs\pkl\system\Common.php(1089): CodeIgniter\View\View->render('admin/index', Array, true)
#4 C:\xampp\htdocs\pkl\app\Controllers\Scientist.php(21): view('admin/index', Array)
#5 C:\xampp\htdocs\pkl\system\CodeIgniter.php(832): App\Controllers\Scientist->index()
#6 C:\xampp\htdocs\pkl\system\CodeIgniter.php(419): CodeIgniter\CodeIgniter->runController(Object(App\Controllers\Scientist))
#7 C:\xampp\htdocs\pkl\system\CodeIgniter.php(326): CodeIgniter\CodeIgniter->handleRequest(NULL, Object(Config\Cache), false)
#8 C:\xampp\htdocs\pkl\public\index.php(37): CodeIgniter\CodeIgniter->run()
#9 {main}
CRITICAL - 2023-01-14 06:31:29 --> Undefined property: stdClass::$id
#0 C:\xampp\htdocs\pkl\app\Views\admin\index.php(60): CodeIgniter\Debug\Exceptions->errorHandler(2, 'Undefined prope...', 'C:\\xampp\\htdocs...', 60)
#1 C:\xampp\htdocs\pkl\system\View\View.php(210): include('C:\\xampp\\htdocs...')
#2 C:\xampp\htdocs\pkl\system\View\View.php(213): CodeIgniter\View\View->CodeIgniter\View\{closure}()
#3 C:\xampp\htdocs\pkl\system\Common.php(1089): CodeIgniter\View\View->render('admin/index', Array, true)
#4 C:\xampp\htdocs\pkl\app\Controllers\Scientist.php(21): view('admin/index', Array)
#5 C:\xampp\htdocs\pkl\system\CodeIgniter.php(832): App\Controllers\Scientist->index()
#6 C:\xampp\htdocs\pkl\system\CodeIgniter.php(419): CodeIgniter\CodeIgniter->runController(Object(App\Controllers\Scientist))
#7 C:\xampp\htdocs\pkl\system\CodeIgniter.php(326): CodeIgniter\CodeIgniter->handleRequest(NULL, Object(Config\Cache), false)
#8 C:\xampp\htdocs\pkl\public\index.php(37): CodeIgniter\CodeIgniter->run()
#9 {main}
CRITICAL - 2023-01-14 06:31:29 --> Undefined property: stdClass::$id
#0 C:\xampp\htdocs\pkl\app\Views\admin\index.php(60): CodeIgniter\Debug\Exceptions->errorHandler(2, 'Undefined prope...', 'C:\\xampp\\htdocs...', 60)
#1 C:\xampp\htdocs\pkl\system\View\View.php(210): include('C:\\xampp\\htdocs...')
#2 C:\xampp\htdocs\pkl\system\View\View.php(213): CodeIgniter\View\View->CodeIgniter\View\{closure}()
#3 C:\xampp\htdocs\pkl\system\Common.php(1089): CodeIgniter\View\View->render('admin/index', Array, true)
#4 C:\xampp\htdocs\pkl\app\Controllers\Scientist.php(21): view('admin/index', Array)
#5 C:\xampp\htdocs\pkl\system\CodeIgniter.php(832): App\Controllers\Scientist->index()
#6 C:\xampp\htdocs\pkl\system\CodeIgniter.php(419): CodeIgniter\CodeIgniter->runController(Object(App\Controllers\Scientist))
#7 C:\xampp\htdocs\pkl\system\CodeIgniter.php(326): CodeIgniter\CodeIgniter->handleRequest(NULL, Object(Config\Cache), false)
#8 C:\xampp\htdocs\pkl\public\index.php(37): CodeIgniter\CodeIgniter->run()
#9 {main}
CRITICAL - 2023-01-14 06:31:29 --> Undefined property: stdClass::$id
#0 C:\xampp\htdocs\pkl\app\Views\admin\index.php(60): CodeIgniter\Debug\Exceptions->errorHandler(2, 'Undefined prope...', 'C:\\xampp\\htdocs...', 60)
#1 C:\xampp\htdocs\pkl\system\View\View.php(210): include('C:\\xampp\\htdocs...')
#2 C:\xampp\htdocs\pkl\system\View\View.php(213): CodeIgniter\View\View->CodeIgniter\View\{closure}()
#3 C:\xampp\htdocs\pkl\system\Common.php(1089): CodeIgniter\View\View->render('admin/index', Array, true)
#4 C:\xampp\htdocs\pkl\app\Controllers\Scientist.php(21): view('admin/index', Array)
#5 C:\xampp\htdocs\pkl\system\CodeIgniter.php(832): App\Controllers\Scientist->index()
#6 C:\xampp\htdocs\pkl\system\CodeIgniter.php(419): CodeIgniter\CodeIgniter->runController(Object(App\Controllers\Scientist))
#7 C:\xampp\htdocs\pkl\system\CodeIgniter.php(326): CodeIgniter\CodeIgniter->handleRequest(NULL, Object(Config\Cache), false)
#8 C:\xampp\htdocs\pkl\public\index.php(37): CodeIgniter\CodeIgniter->run()
#9 {main}
CRITICAL - 2023-01-14 06:33:02 --> Undefined property: stdClass::$id
#0 C:\xampp\htdocs\pkl\app\Views\admin\index.php(60): CodeIgniter\Debug\Exceptions->errorHandler(2, 'Undefined prope...', 'C:\\xampp\\htdocs...', 60)
#1 C:\xampp\htdocs\pkl\system\View\View.php(210): include('C:\\xampp\\htdocs...')
#2 C:\xampp\htdocs\pkl\system\View\View.php(213): CodeIgniter\View\View->CodeIgniter\View\{closure}()
#3 C:\xampp\htdocs\pkl\system\Common.php(1089): CodeIgniter\View\View->render('admin/index', Array, true)
#4 C:\xampp\htdocs\pkl\app\Controllers\Scientist.php(21): view('admin/index', Array)
#5 C:\xampp\htdocs\pkl\system\CodeIgniter.php(832): App\Controllers\Scientist->index()
#6 C:\xampp\htdocs\pkl\system\CodeIgniter.php(419): CodeIgniter\CodeIgniter->runController(Object(App\Controllers\Scientist))
#7 C:\xampp\htdocs\pkl\system\CodeIgniter.php(326): CodeIgniter\CodeIgniter->handleRequest(NULL, Object(Config\Cache), false)
#8 C:\xampp\htdocs\pkl\public\index.php(37): CodeIgniter\CodeIgniter->run()
#9 {main}
CRITICAL - 2023-01-14 06:33:08 --> Undefined property: stdClass::$id
#0 C:\xampp\htdocs\pkl\app\Views\admin\index.php(60): CodeIgniter\Debug\Exceptions->errorHandler(2, 'Undefined prope...', 'C:\\xampp\\htdocs...', 60)
#1 C:\xampp\htdocs\pkl\system\View\View.php(210): include('C:\\xampp\\htdocs...')
#2 C:\xampp\htdocs\pkl\system\View\View.php(213): CodeIgniter\View\View->CodeIgniter\View\{closure}()
#3 C:\xampp\htdocs\pkl\system\Common.php(1089): CodeIgniter\View\View->render('admin/index', Array, true)
#4 C:\xampp\htdocs\pkl\app\Controllers\Scientist.php(21): view('admin/index', Array)
#5 C:\xampp\htdocs\pkl\system\CodeIgniter.php(832): App\Controllers\Scientist->index()
#6 C:\xampp\htdocs\pkl\system\CodeIgniter.php(419): CodeIgniter\CodeIgniter->runController(Object(App\Controllers\Scientist))
#7 C:\xampp\htdocs\pkl\system\CodeIgniter.php(326): CodeIgniter\CodeIgniter->handleRequest(NULL, Object(Config\Cache), false)
#8 C:\xampp\htdocs\pkl\public\index.php(37): CodeIgniter\CodeIgniter->run()
#9 {main}
CRITICAL - 2023-01-14 06:33:10 --> Undefined property: stdClass::$id
#0 C:\xampp\htdocs\pkl\app\Views\admin\index.php(60): CodeIgniter\Debug\Exceptions->errorHandler(2, 'Undefined prope...', 'C:\\xampp\\htdocs...', 60)
#1 C:\xampp\htdocs\pkl\system\View\View.php(210): include('C:\\xampp\\htdocs...')
#2 C:\xampp\htdocs\pkl\system\View\View.php(213): CodeIgniter\View\View->CodeIgniter\View\{closure}()
#3 C:\xampp\htdocs\pkl\system\Common.php(1089): CodeIgniter\View\View->render('admin/index', Array, true)
#4 C:\xampp\htdocs\pkl\app\Controllers\Scientist.php(21): view('admin/index', Array)
#5 C:\xampp\htdocs\pkl\system\CodeIgniter.php(832): App\Controllers\Scientist->index()
#6 C:\xampp\htdocs\pkl\system\CodeIgniter.php(419): CodeIgniter\CodeIgniter->runController(Object(App\Controllers\Scientist))
#7 C:\xampp\htdocs\pkl\system\CodeIgniter.php(326): CodeIgniter\CodeIgniter->handleRequest(NULL, Object(Config\Cache), false)
#8 C:\xampp\htdocs\pkl\public\index.php(37): CodeIgniter\CodeIgniter->run()
#9 {main}
CRITICAL - 2023-01-14 06:49:59 --> Class "App\Controllers\DuasarjanaModel" not found
#0 C:\xampp\htdocs\pkl\system\CodeIgniter.php(809): App\Controllers\Duasarjana->__construct()
#1 C:\xampp\htdocs\pkl\system\CodeIgniter.php(410): CodeIgniter\CodeIgniter->createController()
#2 C:\xampp\htdocs\pkl\system\CodeIgniter.php(326): CodeIgniter\CodeIgniter->handleRequest(NULL, Object(Config\Cache), false)
#3 C:\xampp\htdocs\pkl\public\index.php(37): CodeIgniter\CodeIgniter->run()
#4 {main}
CRITICAL - 2023-01-14 06:50:36 --> Class "App\Controllers\DuasarjanaModel" not found
#0 C:\xampp\htdocs\pkl\system\CodeIgniter.php(809): App\Controllers\Duasarjana->__construct()
#1 C:\xampp\htdocs\pkl\system\CodeIgniter.php(410): CodeIgniter\CodeIgniter->createController()
#2 C:\xampp\htdocs\pkl\system\CodeIgniter.php(326): CodeIgniter\CodeIgniter->handleRequest(NULL, Object(Config\Cache), false)
#3 C:\xampp\htdocs\pkl\public\index.php(37): CodeIgniter\CodeIgniter->run()
#4 {main}
CRITICAL - 2023-01-14 06:56:45 --> Class "App\Controllers\DuasarjanaModel" not found
#0 C:\xampp\htdocs\pkl\system\CodeIgniter.php(809): App\Controllers\Duasarjana->__construct()
#1 C:\xampp\htdocs\pkl\system\CodeIgniter.php(410): CodeIgniter\CodeIgniter->createController()
#2 C:\xampp\htdocs\pkl\system\CodeIgniter.php(326): CodeIgniter\CodeIgniter->handleRequest(NULL, Object(Config\Cache), false)
#3 C:\xampp\htdocs\pkl\public\index.php(37): CodeIgniter\CodeIgniter->run()
#4 {main}
CRITICAL - 2023-01-14 07:44:35 --> Undefined variable $data
#0 C:\xampp\htdocs\pkl\app\Controllers\Form.php(17): CodeIgniter\Debug\Exceptions->errorHandler(2, 'Undefined varia...', 'C:\\xampp\\htdocs...', 17)
#1 C:\xampp\htdocs\pkl\system\CodeIgniter.php(832): App\Controllers\Form->index()
#2 C:\xampp\htdocs\pkl\system\CodeIgniter.php(419): CodeIgniter\CodeIgniter->runController(Object(App\Controllers\Form))
#3 C:\xampp\htdocs\pkl\system\CodeIgniter.php(326): CodeIgniter\CodeIgniter->handleRequest(NULL, Object(Config\Cache), false)
#4 C:\xampp\htdocs\pkl\public\index.php(37): CodeIgniter\CodeIgniter->run()
#5 {main}
CRITICAL - 2023-01-14 07:45:19 --> Undefined variable $data
#0 C:\xampp\htdocs\pkl\app\Controllers\Form.php(17): CodeIgniter\Debug\Exceptions->errorHandler(2, 'Undefined varia...', 'C:\\xampp\\htdocs...', 17)
#1 C:\xampp\htdocs\pkl\system\CodeIgniter.php(832): App\Controllers\Form->index()
#2 C:\xampp\htdocs\pkl\system\CodeIgniter.php(419): CodeIgniter\CodeIgniter->runController(Object(App\Controllers\Form))
#3 C:\xampp\htdocs\pkl\system\CodeIgniter.php(326): CodeIgniter\CodeIgniter->handleRequest(NULL, Object(Config\Cache), false)
#4 C:\xampp\htdocs\pkl\public\index.php(37): CodeIgniter\CodeIgniter->run()
#5 {main}
CRITICAL - 2023-01-14 07:55:21 --> Undefined property: stdClass::$id
#0 C:\xampp\htdocs\pkl\app\Views\admin\index.php(60): CodeIgniter\Debug\Exceptions->errorHandler(2, 'Undefined prope...', 'C:\\xampp\\htdocs...', 60)
#1 C:\xampp\htdocs\pkl\system\View\View.php(210): include('C:\\xampp\\htdocs...')
#2 C:\xampp\htdocs\pkl\system\View\View.php(213): CodeIgniter\View\View->CodeIgniter\View\{closure}()
#3 C:\xampp\htdocs\pkl\system\Common.php(1089): CodeIgniter\View\View->render('admin/index', Array, true)
#4 C:\xampp\htdocs\pkl\app\Controllers\Scientist.php(21): view('admin/index', Array)
#5 C:\xampp\htdocs\pkl\system\CodeIgniter.php(832): App\Controllers\Scientist->index()
#6 C:\xampp\htdocs\pkl\system\CodeIgniter.php(419): CodeIgniter\CodeIgniter->runController(Object(App\Controllers\Scientist))
#7 C:\xampp\htdocs\pkl\system\CodeIgniter.php(326): CodeIgniter\CodeIgniter->handleRequest(NULL, Object(Config\Cache), false)
#8 C:\xampp\htdocs\pkl\public\index.php(37): CodeIgniter\CodeIgniter->run()
#9 {main}
CRITICAL - 2023-01-14 08:09:31 --> syntax error, unexpected token "}"
#0 C:\xampp\htdocs\pkl\system\Autoloader\Autoloader.php(241): CodeIgniter\Autoloader\Autoloader->includeFile('C:\\xampp\\htdocs...')
#1 C:\xampp\htdocs\pkl\system\Autoloader\Autoloader.php(219): CodeIgniter\Autoloader\Autoloader->loadInNamespace('App\\Controllers...')
#2 [internal function]: CodeIgniter\Autoloader\Autoloader->loadClass('App\\Controllers...')
#3 C:\xampp\htdocs\pkl\system\CodeIgniter.php(797): class_exists('\\App\\Controller...', true)
#4 C:\xampp\htdocs\pkl\system\CodeIgniter.php(406): CodeIgniter\CodeIgniter->startController()
#5 C:\xampp\htdocs\pkl\system\CodeIgniter.php(326): CodeIgniter\CodeIgniter->handleRequest(NULL, Object(Config\Cache), false)
#6 C:\xampp\htdocs\pkl\public\index.php(37): CodeIgniter\CodeIgniter->run()
#7 {main}
CRITICAL - 2023-01-14 08:10:01 --> syntax error, unexpected token "}"
#0 C:\xampp\htdocs\pkl\system\Autoloader\Autoloader.php(241): CodeIgniter\Autoloader\Autoloader->includeFile('C:\\xampp\\htdocs...')
#1 C:\xampp\htdocs\pkl\system\Autoloader\Autoloader.php(219): CodeIgniter\Autoloader\Autoloader->loadInNamespace('App\\Controllers...')
#2 [internal function]: CodeIgniter\Autoloader\Autoloader->loadClass('App\\Controllers...')
#3 C:\xampp\htdocs\pkl\system\CodeIgniter.php(797): class_exists('\\App\\Controller...', true)
#4 C:\xampp\htdocs\pkl\system\CodeIgniter.php(406): CodeIgniter\CodeIgniter->startController()
#5 C:\xampp\htdocs\pkl\system\CodeIgniter.php(326): CodeIgniter\CodeIgniter->handleRequest(NULL, Object(Config\Cache), false)
#6 C:\xampp\htdocs\pkl\public\index.php(37): CodeIgniter\CodeIgniter->run()
#7 {main}
CRITICAL - 2023-01-14 08:10:56 --> Undefined variable $scientist
#0 C:\xampp\htdocs\pkl\app\Views\scientist\create_univ.php(126): CodeIgniter\Debug\Exceptions->errorHandler(2, 'Undefined varia...', 'C:\\xampp\\htdocs...', 126)
#1 C:\xampp\htdocs\pkl\system\View\View.php(210): include('C:\\xampp\\htdocs...')
#2 C:\xampp\htdocs\pkl\system\View\View.php(213): CodeIgniter\View\View->CodeIgniter\View\{closure}()
#3 C:\xampp\htdocs\pkl\system\Common.php(1089): CodeIgniter\View\View->render('scientist/creat...', Array, true)
#4 C:\xampp\htdocs\pkl\app\Controllers\Form.php(49): view('scientist/creat...', Array)
#5 C:\xampp\htdocs\pkl\system\CodeIgniter.php(832): App\Controllers\Form->create_univ()
#6 C:\xampp\htdocs\pkl\system\CodeIgniter.php(419): CodeIgniter\CodeIgniter->runController(Object(App\Controllers\Form))
#7 C:\xampp\htdocs\pkl\system\CodeIgniter.php(326): CodeIgniter\CodeIgniter->handleRequest(NULL, Object(Config\Cache), false)
#8 C:\xampp\htdocs\pkl\public\index.php(37): CodeIgniter\CodeIgniter->run()
#9 {main}
CRITICAL - 2023-01-14 08:13:22 --> Undefined variable $scientist
#0 C:\xampp\htdocs\pkl\app\Views\scientist\create_univ.php(126): CodeIgniter\Debug\Exceptions->errorHandler(2, 'Undefined varia...', 'C:\\xampp\\htdocs...', 126)
#1 C:\xampp\htdocs\pkl\system\View\View.php(210): include('C:\\xampp\\htdocs...')
#2 C:\xampp\htdocs\pkl\system\View\View.php(213): CodeIgniter\View\View->CodeIgniter\View\{closure}()
#3 C:\xampp\htdocs\pkl\system\Common.php(1089): CodeIgniter\View\View->render('scientist/creat...', Array, true)
#4 C:\xampp\htdocs\pkl\app\Controllers\Form.php(49): view('scientist/creat...', Array)
#5 C:\xampp\htdocs\pkl\system\CodeIgniter.php(832): App\Controllers\Form->create_univ()
#6 C:\xampp\htdocs\pkl\system\CodeIgniter.php(419): CodeIgniter\CodeIgniter->runController(Object(App\Controllers\Form))
#7 C:\xampp\htdocs\pkl\system\CodeIgniter.php(326): CodeIgniter\CodeIgniter->handleRequest(NULL, Object(Config\Cache), false)
#8 C:\xampp\htdocs\pkl\public\index.php(37): CodeIgniter\CodeIgniter->run()
#9 {main}
CRITICAL - 2023-01-14 08:14:03 --> Undefined variable $scientist
#0 C:\xampp\htdocs\pkl\app\Views\scientist\create_univ.php(126): CodeIgniter\Debug\Exceptions->errorHandler(2, 'Undefined varia...', 'C:\\xampp\\htdocs...', 126)
#1 C:\xampp\htdocs\pkl\system\View\View.php(210): include('C:\\xampp\\htdocs...')
#2 C:\xampp\htdocs\pkl\system\View\View.php(213): CodeIgniter\View\View->CodeIgniter\View\{closure}()
#3 C:\xampp\htdocs\pkl\system\Common.php(1089): CodeIgniter\View\View->render('scientist/creat...', Array, true)
#4 C:\xampp\htdocs\pkl\app\Controllers\Form.php(49): view('scientist/creat...', Array)
#5 C:\xampp\htdocs\pkl\system\CodeIgniter.php(832): App\Controllers\Form->create_univ()
#6 C:\xampp\htdocs\pkl\system\CodeIgniter.php(419): CodeIgniter\CodeIgniter->runController(Object(App\Controllers\Form))
#7 C:\xampp\htdocs\pkl\system\CodeIgniter.php(326): CodeIgniter\CodeIgniter->handleRequest(NULL, Object(Config\Cache), false)
#8 C:\xampp\htdocs\pkl\public\index.php(37): CodeIgniter\CodeIgniter->run()
#9 {main}
CRITICAL - 2023-01-14 08:15:24 --> Undefined variable $scientist
#0 C:\xampp\htdocs\pkl\app\Views\scientist\create_univ.php(126): CodeIgniter\Debug\Exceptions->errorHandler(2, 'Undefined varia...', 'C:\\xampp\\htdocs...', 126)
#1 C:\xampp\htdocs\pkl\system\View\View.php(210): include('C:\\xampp\\htdocs...')
#2 C:\xampp\htdocs\pkl\system\View\View.php(213): CodeIgniter\View\View->CodeIgniter\View\{closure}()
#3 C:\xampp\htdocs\pkl\system\Common.php(1089): CodeIgniter\View\View->render('scientist/creat...', Array, true)
#4 C:\xampp\htdocs\pkl\app\Controllers\Form.php(48): view('scientist/creat...', Array)
#5 C:\xampp\htdocs\pkl\system\CodeIgniter.php(832): App\Controllers\Form->create_univ()
#6 C:\xampp\htdocs\pkl\system\CodeIgniter.php(419): CodeIgniter\CodeIgniter->runController(Object(App\Controllers\Form))
#7 C:\xampp\htdocs\pkl\system\CodeIgniter.php(326): CodeIgniter\CodeIgniter->handleRequest(NULL, Object(Config\Cache), false)
#8 C:\xampp\htdocs\pkl\public\index.php(37): CodeIgniter\CodeIgniter->run()
#9 {main}
CRITICAL - 2023-01-14 08:16:47 --> Undefined variable $scientist
#0 C:\xampp\htdocs\pkl\app\Views\scientist\create_univ.php(126): CodeIgniter\Debug\Exceptions->errorHandler(2, 'Undefined varia...', 'C:\\xampp\\htdocs...', 126)
#1 C:\xampp\htdocs\pkl\system\View\View.php(210): include('C:\\xampp\\htdocs...')
#2 C:\xampp\htdocs\pkl\system\View\View.php(213): CodeIgniter\View\View->CodeIgniter\View\{closure}()
#3 C:\xampp\htdocs\pkl\system\Common.php(1089): CodeIgniter\View\View->render('scientist/creat...', Array, true)
#4 C:\xampp\htdocs\pkl\app\Controllers\Form.php(48): view('scientist/creat...', Array)
#5 C:\xampp\htdocs\pkl\system\CodeIgniter.php(832): App\Controllers\Form->create_univ()
#6 C:\xampp\htdocs\pkl\system\CodeIgniter.php(419): CodeIgniter\CodeIgniter->runController(Object(App\Controllers\Form))
#7 C:\xampp\htdocs\pkl\system\CodeIgniter.php(326): CodeIgniter\CodeIgniter->handleRequest(NULL, Object(Config\Cache), false)
#8 C:\xampp\htdocs\pkl\public\index.php(37): CodeIgniter\CodeIgniter->run()
#9 {main}
CRITICAL - 2023-01-14 08:16:48 --> Undefined variable $scientist
#0 C:\xampp\htdocs\pkl\app\Views\scientist\create_univ.php(126): CodeIgniter\Debug\Exceptions->errorHandler(2, 'Undefined varia...', 'C:\\xampp\\htdocs...', 126)
#1 C:\xampp\htdocs\pkl\system\View\View.php(210): include('C:\\xampp\\htdocs...')
#2 C:\xampp\htdocs\pkl\system\View\View.php(213): CodeIgniter\View\View->CodeIgniter\View\{closure}()
#3 C:\xampp\htdocs\pkl\system\Common.php(1089): CodeIgniter\View\View->render('scientist/creat...', Array, true)
#4 C:\xampp\htdocs\pkl\app\Controllers\Form.php(48): view('scientist/creat...', Array)
#5 C:\xampp\htdocs\pkl\system\CodeIgniter.php(832): App\Controllers\Form->create_univ()
#6 C:\xampp\htdocs\pkl\system\CodeIgniter.php(419): CodeIgniter\CodeIgniter->runController(Object(App\Controllers\Form))
#7 C:\xampp\htdocs\pkl\system\CodeIgniter.php(326): CodeIgniter\CodeIgniter->handleRequest(NULL, Object(Config\Cache), false)
#8 C:\xampp\htdocs\pkl\public\index.php(37): CodeIgniter\CodeIgniter->run()
#9 {main}
CRITICAL - 2023-01-14 08:16:48 --> Undefined variable $scientist
#0 C:\xampp\htdocs\pkl\app\Views\scientist\create_univ.php(126): CodeIgniter\Debug\Exceptions->errorHandler(2, 'Undefined varia...', 'C:\\xampp\\htdocs...', 126)
#1 C:\xampp\htdocs\pkl\system\View\View.php(210): include('C:\\xampp\\htdocs...')
#2 C:\xampp\htdocs\pkl\system\View\View.php(213): CodeIgniter\View\View->CodeIgniter\View\{closure}()
#3 C:\xampp\htdocs\pkl\system\Common.php(1089): CodeIgniter\View\View->render('scientist/creat...', Array, true)
#4 C:\xampp\htdocs\pkl\app\Controllers\Form.php(48): view('scientist/creat...', Array)
#5 C:\xampp\htdocs\pkl\system\CodeIgniter.php(832): App\Controllers\Form->create_univ()
#6 C:\xampp\htdocs\pkl\system\CodeIgniter.php(419): CodeIgniter\CodeIgniter->runController(Object(App\Controllers\Form))
#7 C:\xampp\htdocs\pkl\system\CodeIgniter.php(326): CodeIgniter\CodeIgniter->handleRequest(NULL, Object(Config\Cache), false)
#8 C:\xampp\htdocs\pkl\public\index.php(37): CodeIgniter\CodeIgniter->run()
#9 {main}
CRITICAL - 2023-01-14 08:16:48 --> Undefined variable $scientist
#0 C:\xampp\htdocs\pkl\app\Views\scientist\create_univ.php(126): CodeIgniter\Debug\Exceptions->errorHandler(2, 'Undefined varia...', 'C:\\xampp\\htdocs...', 126)
#1 C:\xampp\htdocs\pkl\system\View\View.php(210): include('C:\\xampp\\htdocs...')
#2 C:\xampp\htdocs\pkl\system\View\View.php(213): CodeIgniter\View\View->CodeIgniter\View\{closure}()
#3 C:\xampp\htdocs\pkl\system\Common.php(1089): CodeIgniter\View\View->render('scientist/creat...', Array, true)
#4 C:\xampp\htdocs\pkl\app\Controllers\Form.php(48): view('scientist/creat...', Array)
#5 C:\xampp\htdocs\pkl\system\CodeIgniter.php(832): App\Controllers\Form->create_univ()
#6 C:\xampp\htdocs\pkl\system\CodeIgniter.php(419): CodeIgniter\CodeIgniter->runController(Object(App\Controllers\Form))
#7 C:\xampp\htdocs\pkl\system\CodeIgniter.php(326): CodeIgniter\CodeIgniter->handleRequest(NULL, Object(Config\Cache), false)
#8 C:\xampp\htdocs\pkl\public\index.php(37): CodeIgniter\CodeIgniter->run()
#9 {main}
CRITICAL - 2023-01-14 08:16:48 --> Undefined variable $scientist
#0 C:\xampp\htdocs\pkl\app\Views\scientist\create_univ.php(126): CodeIgniter\Debug\Exceptions->errorHandler(2, 'Undefined varia...', 'C:\\xampp\\htdocs...', 126)
#1 C:\xampp\htdocs\pkl\system\View\View.php(210): include('C:\\xampp\\htdocs...')
#2 C:\xampp\htdocs\pkl\system\View\View.php(213): CodeIgniter\View\View->CodeIgniter\View\{closure}()
#3 C:\xampp\htdocs\pkl\system\Common.php(1089): CodeIgniter\View\View->render('scientist/creat...', Array, true)
#4 C:\xampp\htdocs\pkl\app\Controllers\Form.php(48): view('scientist/creat...', Array)
#5 C:\xampp\htdocs\pkl\system\CodeIgniter.php(832): App\Controllers\Form->create_univ()
#6 C:\xampp\htdocs\pkl\system\CodeIgniter.php(419): CodeIgniter\CodeIgniter->runController(Object(App\Controllers\Form))
#7 C:\xampp\htdocs\pkl\system\CodeIgniter.php(326): CodeIgniter\CodeIgniter->handleRequest(NULL, Object(Config\Cache), false)
#8 C:\xampp\htdocs\pkl\public\index.php(37): CodeIgniter\CodeIgniter->run()
#9 {main}
CRITICAL - 2023-01-14 08:16:48 --> Undefined variable $scientist
#0 C:\xampp\htdocs\pkl\app\Views\scientist\create_univ.php(126): CodeIgniter\Debug\Exceptions->errorHandler(2, 'Undefined varia...', 'C:\\xampp\\htdocs...', 126)
#1 C:\xampp\htdocs\pkl\system\View\View.php(210): include('C:\\xampp\\htdocs...')
#2 C:\xampp\htdocs\pkl\system\View\View.php(213): CodeIgniter\View\View->CodeIgniter\View\{closure}()
#3 C:\xampp\htdocs\pkl\system\Common.php(1089): CodeIgniter\View\View->render('scientist/creat...', Array, true)
#4 C:\xampp\htdocs\pkl\app\Controllers\Form.php(48): view('scientist/creat...', Array)
#5 C:\xampp\htdocs\pkl\system\CodeIgniter.php(832): App\Controllers\Form->create_univ()
#6 C:\xampp\htdocs\pkl\system\CodeIgniter.php(419): CodeIgniter\CodeIgniter->runController(Object(App\Controllers\Form))
#7 C:\xampp\htdocs\pkl\system\CodeIgniter.php(326): CodeIgniter\CodeIgniter->handleRequest(NULL, Object(Config\Cache), false)
#8 C:\xampp\htdocs\pkl\public\index.php(37): CodeIgniter\CodeIgniter->run()
#9 {main}
CRITICAL - 2023-01-14 08:16:49 --> Undefined variable $scientist
#0 C:\xampp\htdocs\pkl\app\Views\scientist\create_univ.php(126): CodeIgniter\Debug\Exceptions->errorHandler(2, 'Undefined varia...', 'C:\\xampp\\htdocs...', 126)
#1 C:\xampp\htdocs\pkl\system\View\View.php(210): include('C:\\xampp\\htdocs...')
#2 C:\xampp\htdocs\pkl\system\View\View.php(213): CodeIgniter\View\View->CodeIgniter\View\{closure}()
#3 C:\xampp\htdocs\pkl\system\Common.php(1089): CodeIgniter\View\View->render('scientist/creat...', Array, true)
#4 C:\xampp\htdocs\pkl\app\Controllers\Form.php(48): view('scientist/creat...', Array)
#5 C:\xampp\htdocs\pkl\system\CodeIgniter.php(832): App\Controllers\Form->create_univ()
#6 C:\xampp\htdocs\pkl\system\CodeIgniter.php(419): CodeIgniter\CodeIgniter->runController(Object(App\Controllers\Form))
#7 C:\xampp\htdocs\pkl\system\CodeIgniter.php(326): CodeIgniter\CodeIgniter->handleRequest(NULL, Object(Config\Cache), false)
#8 C:\xampp\htdocs\pkl\public\index.php(37): CodeIgniter\CodeIgniter->run()
#9 {main}
CRITICAL - 2023-01-14 08:16:49 --> Undefined variable $scientist
#0 C:\xampp\htdocs\pkl\app\Views\scientist\create_univ.php(126): CodeIgniter\Debug\Exceptions->errorHandler(2, 'Undefined varia...', 'C:\\xampp\\htdocs...', 126)
#1 C:\xampp\htdocs\pkl\system\View\View.php(210): include('C:\\xampp\\htdocs...')
#2 C:\xampp\htdocs\pkl\system\View\View.php(213): CodeIgniter\View\View->CodeIgniter\View\{closure}()
#3 C:\xampp\htdocs\pkl\system\Common.php(1089): CodeIgniter\View\View->render('scientist/creat...', Array, true)
#4 C:\xampp\htdocs\pkl\app\Controllers\Form.php(48): view('scientist/creat...', Array)
#5 C:\xampp\htdocs\pkl\system\CodeIgniter.php(832): App\Controllers\Form->create_univ()
#6 C:\xampp\htdocs\pkl\system\CodeIgniter.php(419): CodeIgniter\CodeIgniter->runController(Object(App\Controllers\Form))
#7 C:\xampp\htdocs\pkl\system\CodeIgniter.php(326): CodeIgniter\CodeIgniter->handleRequest(NULL, Object(Config\Cache), false)
#8 C:\xampp\htdocs\pkl\public\index.php(37): CodeIgniter\CodeIgniter->run()
#9 {main}
CRITICAL - 2023-01-14 08:16:49 --> Undefined variable $scientist
#0 C:\xampp\htdocs\pkl\app\Views\scientist\create_univ.php(126): CodeIgniter\Debug\Exceptions->errorHandler(2, 'Undefined varia...', 'C:\\xampp\\htdocs...', 126)
#1 C:\xampp\htdocs\pkl\system\View\View.php(210): include('C:\\xampp\\htdocs...')
#2 C:\xampp\htdocs\pkl\system\View\View.php(213): CodeIgniter\View\View->CodeIgniter\View\{closure}()
#3 C:\xampp\htdocs\pkl\system\Common.php(1089): CodeIgniter\View\View->render('scientist/creat...', Array, true)
#4 C:\xampp\htdocs\pkl\app\Controllers\Form.php(48): view('scientist/creat...', Array)
#5 C:\xampp\htdocs\pkl\system\CodeIgniter.php(832): App\Controllers\Form->create_univ()
#6 C:\xampp\htdocs\pkl\system\CodeIgniter.php(419): CodeIgniter\CodeIgniter->runController(Object(App\Controllers\Form))
#7 C:\xampp\htdocs\pkl\system\CodeIgniter.php(326): CodeIgniter\CodeIgniter->handleRequest(NULL, Object(Config\Cache), false)
#8 C:\xampp\htdocs\pkl\public\index.php(37): CodeIgniter\CodeIgniter->run()
#9 {main}
CRITICAL - 2023-01-14 08:16:49 --> Undefined variable $scientist
#0 C:\xampp\htdocs\pkl\app\Views\scientist\create_univ.php(126): CodeIgniter\Debug\Exceptions->errorHandler(2, 'Undefined varia...', 'C:\\xampp\\htdocs...', 126)
#1 C:\xampp\htdocs\pkl\system\View\View.php(210): include('C:\\xampp\\htdocs...')
#2 C:\xampp\htdocs\pkl\system\View\View.php(213): CodeIgniter\View\View->CodeIgniter\View\{closure}()
#3 C:\xampp\htdocs\pkl\system\Common.php(1089): CodeIgniter\View\View->render('scientist/creat...', Array, true)
#4 C:\xampp\htdocs\pkl\app\Controllers\Form.php(48): view('scientist/creat...', Array)
#5 C:\xampp\htdocs\pkl\system\CodeIgniter.php(832): App\Controllers\Form->create_univ()
#6 C:\xampp\htdocs\pkl\system\CodeIgniter.php(419): CodeIgniter\CodeIgniter->runController(Object(App\Controllers\Form))
#7 C:\xampp\htdocs\pkl\system\CodeIgniter.php(326): CodeIgniter\CodeIgniter->handleRequest(NULL, Object(Config\Cache), false)
#8 C:\xampp\htdocs\pkl\public\index.php(37): CodeIgniter\CodeIgniter->run()
#9 {main}
CRITICAL - 2023-01-14 08:16:49 --> Undefined variable $scientist
#0 C:\xampp\htdocs\pkl\app\Views\scientist\create_univ.php(126): CodeIgniter\Debug\Exceptions->errorHandler(2, 'Undefined varia...', 'C:\\xampp\\htdocs...', 126)
#1 C:\xampp\htdocs\pkl\system\View\View.php(210): include('C:\\xampp\\htdocs...')
#2 C:\xampp\htdocs\pkl\system\View\View.php(213): CodeIgniter\View\View->CodeIgniter\View\{closure}()
#3 C:\xampp\htdocs\pkl\system\Common.php(1089): CodeIgniter\View\View->render('scientist/creat...', Array, true)
#4 C:\xampp\htdocs\pkl\app\Controllers\Form.php(48): view('scientist/creat...', Array)
#5 C:\xampp\htdocs\pkl\system\CodeIgniter.php(832): App\Controllers\Form->create_univ()
#6 C:\xampp\htdocs\pkl\system\CodeIgniter.php(419): CodeIgniter\CodeIgniter->runController(Object(App\Controllers\Form))
#7 C:\xampp\htdocs\pkl\system\CodeIgniter.php(326): CodeIgniter\CodeIgniter->handleRequest(NULL, Object(Config\Cache), false)
#8 C:\xampp\htdocs\pkl\public\index.php(37): CodeIgniter\CodeIgniter->run()
#9 {main}
CRITICAL - 2023-01-14 08:16:49 --> Undefined variable $scientist
#0 C:\xampp\htdocs\pkl\app\Views\scientist\create_univ.php(126): CodeIgniter\Debug\Exceptions->errorHandler(2, 'Undefined varia...', 'C:\\xampp\\htdocs...', 126)
#1 C:\xampp\htdocs\pkl\system\View\View.php(210): include('C:\\xampp\\htdocs...')
#2 C:\xampp\htdocs\pkl\system\View\View.php(213): CodeIgniter\View\View->CodeIgniter\View\{closure}()
#3 C:\xampp\htdocs\pkl\system\Common.php(1089): CodeIgniter\View\View->render('scientist/creat...', Array, true)
#4 C:\xampp\htdocs\pkl\app\Controllers\Form.php(48): view('scientist/creat...', Array)
#5 C:\xampp\htdocs\pkl\system\CodeIgniter.php(832): App\Controllers\Form->create_univ()
#6 C:\xampp\htdocs\pkl\system\CodeIgniter.php(419): CodeIgniter\CodeIgniter->runController(Object(App\Controllers\Form))
#7 C:\xampp\htdocs\pkl\system\CodeIgniter.php(326): CodeIgniter\CodeIgniter->handleRequest(NULL, Object(Config\Cache), false)
#8 C:\xampp\htdocs\pkl\public\index.php(37): CodeIgniter\CodeIgniter->run()
#9 {main}
CRITICAL - 2023-01-14 08:16:49 --> Undefined variable $scientist
#0 C:\xampp\htdocs\pkl\app\Views\scientist\create_univ.php(126): CodeIgniter\Debug\Exceptions->errorHandler(2, 'Undefined varia...', 'C:\\xampp\\htdocs...', 126)
#1 C:\xampp\htdocs\pkl\system\View\View.php(210): include('C:\\xampp\\htdocs...')
#2 C:\xampp\htdocs\pkl\system\View\View.php(213): CodeIgniter\View\View->CodeIgniter\View\{closure}()
#3 C:\xampp\htdocs\pkl\system\Common.php(1089): CodeIgniter\View\View->render('scientist/creat...', Array, true)
#4 C:\xampp\htdocs\pkl\app\Controllers\Form.php(48): view('scientist/creat...', Array)
#5 C:\xampp\htdocs\pkl\system\CodeIgniter.php(832): App\Controllers\Form->create_univ()
#6 C:\xampp\htdocs\pkl\system\CodeIgniter.php(419): CodeIgniter\CodeIgniter->runController(Object(App\Controllers\Form))
#7 C:\xampp\htdocs\pkl\system\CodeIgniter.php(326): CodeIgniter\CodeIgniter->handleRequest(NULL, Object(Config\Cache), false)
#8 C:\xampp\htdocs\pkl\public\index.php(37): CodeIgniter\CodeIgniter->run()
#9 {main}
CRITICAL - 2023-01-14 08:20:43 --> Undefined variable $scientist
#0 C:\xampp\htdocs\pkl\app\Views\scientist\create_univ.php(126): CodeIgniter\Debug\Exceptions->errorHandler(2, 'Undefined varia...', 'C:\\xampp\\htdocs...', 126)
#1 C:\xampp\htdocs\pkl\system\View\View.php(210): include('C:\\xampp\\htdocs...')
#2 C:\xampp\htdocs\pkl\system\View\View.php(213): CodeIgniter\View\View->CodeIgniter\View\{closure}()
#3 C:\xampp\htdocs\pkl\system\Common.php(1089): CodeIgniter\View\View->render('scientist/creat...', Array, true)
#4 C:\xampp\htdocs\pkl\app\Controllers\Form.php(48): view('scientist/creat...', Array)
#5 C:\xampp\htdocs\pkl\system\CodeIgniter.php(832): App\Controllers\Form->create_univ()
#6 C:\xampp\htdocs\pkl\system\CodeIgniter.php(419): CodeIgniter\CodeIgniter->runController(Object(App\Controllers\Form))
#7 C:\xampp\htdocs\pkl\system\CodeIgniter.php(326): CodeIgniter\CodeIgniter->handleRequest(NULL, Object(Config\Cache), false)
#8 C:\xampp\htdocs\pkl\public\index.php(37): CodeIgniter\CodeIgniter->run()
#9 {main}
CRITICAL - 2023-01-14 08:20:44 --> Undefined variable $scientist
#0 C:\xampp\htdocs\pkl\app\Views\scientist\create_univ.php(126): CodeIgniter\Debug\Exceptions->errorHandler(2, 'Undefined varia...', 'C:\\xampp\\htdocs...', 126)
#1 C:\xampp\htdocs\pkl\system\View\View.php(210): include('C:\\xampp\\htdocs...')
#2 C:\xampp\htdocs\pkl\system\View\View.php(213): CodeIgniter\View\View->CodeIgniter\View\{closure}()
#3 C:\xampp\htdocs\pkl\system\Common.php(1089): CodeIgniter\View\View->render('scientist/creat...', Array, true)
#4 C:\xampp\htdocs\pkl\app\Controllers\Form.php(48): view('scientist/creat...', Array)
#5 C:\xampp\htdocs\pkl\system\CodeIgniter.php(832): App\Controllers\Form->create_univ()
#6 C:\xampp\htdocs\pkl\system\CodeIgniter.php(419): CodeIgniter\CodeIgniter->runController(Object(App\Controllers\Form))
#7 C:\xampp\htdocs\pkl\system\CodeIgniter.php(326): CodeIgniter\CodeIgniter->handleRequest(NULL, Object(Config\Cache), false)
#8 C:\xampp\htdocs\pkl\public\index.php(37): CodeIgniter\CodeIgniter->run()
#9 {main}
CRITICAL - 2023-01-14 08:20:45 --> Undefined variable $scientist
#0 C:\xampp\htdocs\pkl\app\Views\scientist\create_univ.php(126): CodeIgniter\Debug\Exceptions->errorHandler(2, 'Undefined varia...', 'C:\\xampp\\htdocs...', 126)
#1 C:\xampp\htdocs\pkl\system\View\View.php(210): include('C:\\xampp\\htdocs...')
#2 C:\xampp\htdocs\pkl\system\View\View.php(213): CodeIgniter\View\View->CodeIgniter\View\{closure}()
#3 C:\xampp\htdocs\pkl\system\Common.php(1089): CodeIgniter\View\View->render('scientist/creat...', Array, true)
#4 C:\xampp\htdocs\pkl\app\Controllers\Form.php(48): view('scientist/creat...', Array)
#5 C:\xampp\htdocs\pkl\system\CodeIgniter.php(832): App\Controllers\Form->create_univ()
#6 C:\xampp\htdocs\pkl\system\CodeIgniter.php(419): CodeIgniter\CodeIgniter->runController(Object(App\Controllers\Form))
#7 C:\xampp\htdocs\pkl\system\CodeIgniter.php(326): CodeIgniter\CodeIgniter->handleRequest(NULL, Object(Config\Cache), false)
#8 C:\xampp\htdocs\pkl\public\index.php(37): CodeIgniter\CodeIgniter->run()
#9 {main}
CRITICAL - 2023-01-14 08:20:45 --> Undefined variable $scientist
#0 C:\xampp\htdocs\pkl\app\Views\scientist\create_univ.php(126): CodeIgniter\Debug\Exceptions->errorHandler(2, 'Undefined varia...', 'C:\\xampp\\htdocs...', 126)
#1 C:\xampp\htdocs\pkl\system\View\View.php(210): include('C:\\xampp\\htdocs...')
#2 C:\xampp\htdocs\pkl\system\View\View.php(213): CodeIgniter\View\View->CodeIgniter\View\{closure}()
#3 C:\xampp\htdocs\pkl\system\Common.php(1089): CodeIgniter\View\View->render('scientist/creat...', Array, true)
#4 C:\xampp\htdocs\pkl\app\Controllers\Form.php(48): view('scientist/creat...', Array)
#5 C:\xampp\htdocs\pkl\system\CodeIgniter.php(832): App\Controllers\Form->create_univ()
#6 C:\xampp\htdocs\pkl\system\CodeIgniter.php(419): CodeIgniter\CodeIgniter->runController(Object(App\Controllers\Form))
#7 C:\xampp\htdocs\pkl\system\CodeIgniter.php(326): CodeIgniter\CodeIgniter->handleRequest(NULL, Object(Config\Cache), false)
#8 C:\xampp\htdocs\pkl\public\index.php(37): CodeIgniter\CodeIgniter->run()
#9 {main}
CRITICAL - 2023-01-14 08:20:46 --> Undefined variable $scientist
#0 C:\xampp\htdocs\pkl\app\Views\scientist\create_univ.php(126): CodeIgniter\Debug\Exceptions->errorHandler(2, 'Undefined varia...', 'C:\\xampp\\htdocs...', 126)
#1 C:\xampp\htdocs\pkl\system\View\View.php(210): include('C:\\xampp\\htdocs...')
#2 C:\xampp\htdocs\pkl\system\View\View.php(213): CodeIgniter\View\View->CodeIgniter\View\{closure}()
#3 C:\xampp\htdocs\pkl\system\Common.php(1089): CodeIgniter\View\View->render('scientist/creat...', Array, true)
#4 C:\xampp\htdocs\pkl\app\Controllers\Form.php(48): view('scientist/creat...', Array)
#5 C:\xampp\htdocs\pkl\system\CodeIgniter.php(832): App\Controllers\Form->create_univ()
#6 C:\xampp\htdocs\pkl\system\CodeIgniter.php(419): CodeIgniter\CodeIgniter->runController(Object(App\Controllers\Form))
#7 C:\xampp\htdocs\pkl\system\CodeIgniter.php(326): CodeIgniter\CodeIgniter->handleRequest(NULL, Object(Config\Cache), false)
#8 C:\xampp\htdocs\pkl\public\index.php(37): CodeIgniter\CodeIgniter->run()
#9 {main}
CRITICAL - 2023-01-14 08:20:46 --> Undefined variable $scientist
#0 C:\xampp\htdocs\pkl\app\Views\scientist\create_univ.php(126): CodeIgniter\Debug\Exceptions->errorHandler(2, 'Undefined varia...', 'C:\\xampp\\htdocs...', 126)
#1 C:\xampp\htdocs\pkl\system\View\View.php(210): include('C:\\xampp\\htdocs...')
#2 C:\xampp\htdocs\pkl\system\View\View.php(213): CodeIgniter\View\View->CodeIgniter\View\{closure}()
#3 C:\xampp\htdocs\pkl\system\Common.php(1089): CodeIgniter\View\View->render('scientist/creat...', Array, true)
#4 C:\xampp\htdocs\pkl\app\Controllers\Form.php(48): view('scientist/creat...', Array)
#5 C:\xampp\htdocs\pkl\system\CodeIgniter.php(832): App\Controllers\Form->create_univ()
#6 C:\xampp\htdocs\pkl\system\CodeIgniter.php(419): CodeIgniter\CodeIgniter->runController(Object(App\Controllers\Form))
#7 C:\xampp\htdocs\pkl\system\CodeIgniter.php(326): CodeIgniter\CodeIgniter->handleRequest(NULL, Object(Config\Cache), false)
#8 C:\xampp\htdocs\pkl\public\index.php(37): CodeIgniter\CodeIgniter->run()
#9 {main}
CRITICAL - 2023-01-14 08:20:46 --> Undefined variable $scientist
#0 C:\xampp\htdocs\pkl\app\Views\scientist\create_univ.php(126): CodeIgniter\Debug\Exceptions->errorHandler(2, 'Undefined varia...', 'C:\\xampp\\htdocs...', 126)
#1 C:\xampp\htdocs\pkl\system\View\View.php(210): include('C:\\xampp\\htdocs...')
#2 C:\xampp\htdocs\pkl\system\View\View.php(213): CodeIgniter\View\View->CodeIgniter\View\{closure}()
#3 C:\xampp\htdocs\pkl\system\Common.php(1089): CodeIgniter\View\View->render('scientist/creat...', Array, true)
#4 C:\xampp\htdocs\pkl\app\Controllers\Form.php(48): view('scientist/creat...', Array)
#5 C:\xampp\htdocs\pkl\system\CodeIgniter.php(832): App\Controllers\Form->create_univ()
#6 C:\xampp\htdocs\pkl\system\CodeIgniter.php(419): CodeIgniter\CodeIgniter->runController(Object(App\Controllers\Form))
#7 C:\xampp\htdocs\pkl\system\CodeIgniter.php(326): CodeIgniter\CodeIgniter->handleRequest(NULL, Object(Config\Cache), false)
#8 C:\xampp\htdocs\pkl\public\index.php(37): CodeIgniter\CodeIgniter->run()
#9 {main}
CRITICAL - 2023-01-14 08:20:46 --> Undefined variable $scientist
#0 C:\xampp\htdocs\pkl\app\Views\scientist\create_univ.php(126): CodeIgniter\Debug\Exceptions->errorHandler(2, 'Undefined varia...', 'C:\\xampp\\htdocs...', 126)
#1 C:\xampp\htdocs\pkl\system\View\View.php(210): include('C:\\xampp\\htdocs...')
#2 C:\xampp\htdocs\pkl\system\View\View.php(213): CodeIgniter\View\View->CodeIgniter\View\{closure}()
#3 C:\xampp\htdocs\pkl\system\Common.php(1089): CodeIgniter\View\View->render('scientist/creat...', Array, true)
#4 C:\xampp\htdocs\pkl\app\Controllers\Form.php(48): view('scientist/creat...', Array)
#5 C:\xampp\htdocs\pkl\system\CodeIgniter.php(832): App\Controllers\Form->create_univ()
#6 C:\xampp\htdocs\pkl\system\CodeIgniter.php(419): CodeIgniter\CodeIgniter->runController(Object(App\Controllers\Form))
#7 C:\xampp\htdocs\pkl\system\CodeIgniter.php(326): CodeIgniter\CodeIgniter->handleRequest(NULL, Object(Config\Cache), false)
#8 C:\xampp\htdocs\pkl\public\index.php(37): CodeIgniter\CodeIgniter->run()
#9 {main}
CRITICAL - 2023-01-14 08:20:47 --> Undefined variable $scientist
#0 C:\xampp\htdocs\pkl\app\Views\scientist\create_univ.php(126): CodeIgniter\Debug\Exceptions->errorHandler(2, 'Undefined varia...', 'C:\\xampp\\htdocs...', 126)
#1 C:\xampp\htdocs\pkl\system\View\View.php(210): include('C:\\xampp\\htdocs...')
#2 C:\xampp\htdocs\pkl\system\View\View.php(213): CodeIgniter\View\View->CodeIgniter\View\{closure}()
#3 C:\xampp\htdocs\pkl\system\Common.php(1089): CodeIgniter\View\View->render('scientist/creat...', Array, true)
#4 C:\xampp\htdocs\pkl\app\Controllers\Form.php(48): view('scientist/creat...', Array)
#5 C:\xampp\htdocs\pkl\system\CodeIgniter.php(832): App\Controllers\Form->create_univ()
#6 C:\xampp\htdocs\pkl\system\CodeIgniter.php(419): CodeIgniter\CodeIgniter->runController(Object(App\Controllers\Form))
#7 C:\xampp\htdocs\pkl\system\CodeIgniter.php(326): CodeIgniter\CodeIgniter->handleRequest(NULL, Object(Config\Cache), false)
#8 C:\xampp\htdocs\pkl\public\index.php(37): CodeIgniter\CodeIgniter->run()
#9 {main}
CRITICAL - 2023-01-14 08:20:47 --> Undefined variable $scientist
#0 C:\xampp\htdocs\pkl\app\Views\scientist\create_univ.php(126): CodeIgniter\Debug\Exceptions->errorHandler(2, 'Undefined varia...', 'C:\\xampp\\htdocs...', 126)
#1 C:\xampp\htdocs\pkl\system\View\View.php(210): include('C:\\xampp\\htdocs...')
#2 C:\xampp\htdocs\pkl\system\View\View.php(213): CodeIgniter\View\View->CodeIgniter\View\{closure}()
#3 C:\xampp\htdocs\pkl\system\Common.php(1089): CodeIgniter\View\View->render('scientist/creat...', Array, true)
#4 C:\xampp\htdocs\pkl\app\Controllers\Form.php(48): view('scientist/creat...', Array)
#5 C:\xampp\htdocs\pkl\system\CodeIgniter.php(832): App\Controllers\Form->create_univ()
#6 C:\xampp\htdocs\pkl\system\CodeIgniter.php(419): CodeIgniter\CodeIgniter->runController(Object(App\Controllers\Form))
#7 C:\xampp\htdocs\pkl\system\CodeIgniter.php(326): CodeIgniter\CodeIgniter->handleRequest(NULL, Object(Config\Cache), false)
#8 C:\xampp\htdocs\pkl\public\index.php(37): CodeIgniter\CodeIgniter->run()
#9 {main}
CRITICAL - 2023-01-14 08:20:47 --> Undefined variable $scientist
#0 C:\xampp\htdocs\pkl\app\Views\scientist\create_univ.php(126): CodeIgniter\Debug\Exceptions->errorHandler(2, 'Undefined varia...', 'C:\\xampp\\htdocs...', 126)
#1 C:\xampp\htdocs\pkl\system\View\View.php(210): include('C:\\xampp\\htdocs...')
#2 C:\xampp\htdocs\pkl\system\View\View.php(213): CodeIgniter\View\View->CodeIgniter\View\{closure}()
#3 C:\xampp\htdocs\pkl\system\Common.php(1089): CodeIgniter\View\View->render('scientist/creat...', Array, true)
#4 C:\xampp\htdocs\pkl\app\Controllers\Form.php(48): view('scientist/creat...', Array)
#5 C:\xampp\htdocs\pkl\system\CodeIgniter.php(832): App\Controllers\Form->create_univ()
#6 C:\xampp\htdocs\pkl\system\CodeIgniter.php(419): CodeIgniter\CodeIgniter->runController(Object(App\Controllers\Form))
#7 C:\xampp\htdocs\pkl\system\CodeIgniter.php(326): CodeIgniter\CodeIgniter->handleRequest(NULL, Object(Config\Cache), false)
#8 C:\xampp\htdocs\pkl\public\index.php(37): CodeIgniter\CodeIgniter->run()
#9 {main}
CRITICAL - 2023-01-14 08:20:48 --> Undefined variable $scientist
#0 C:\xampp\htdocs\pkl\app\Views\scientist\create_univ.php(126): CodeIgniter\Debug\Exceptions->errorHandler(2, 'Undefined varia...', 'C:\\xampp\\htdocs...', 126)
#1 C:\xampp\htdocs\pkl\system\View\View.php(210): include('C:\\xampp\\htdocs...')
#2 C:\xampp\htdocs\pkl\system\View\View.php(213): CodeIgniter\View\View->CodeIgniter\View\{closure}()
#3 C:\xampp\htdocs\pkl\system\Common.php(1089): CodeIgniter\View\View->render('scientist/creat...', Array, true)
#4 C:\xampp\htdocs\pkl\app\Controllers\Form.php(48): view('scientist/creat...', Array)
#5 C:\xampp\htdocs\pkl\system\CodeIgniter.php(832): App\Controllers\Form->create_univ()
#6 C:\xampp\htdocs\pkl\system\CodeIgniter.php(419): CodeIgniter\CodeIgniter->runController(Object(App\Controllers\Form))
#7 C:\xampp\htdocs\pkl\system\CodeIgniter.php(326): CodeIgniter\CodeIgniter->handleRequest(NULL, Object(Config\Cache), false)
#8 C:\xampp\htdocs\pkl\public\index.php(37): CodeIgniter\CodeIgniter->run()
#9 {main}
CRITICAL - 2023-01-14 08:20:48 --> Undefined variable $scientist
#0 C:\xampp\htdocs\pkl\app\Views\scientist\create_univ.php(126): CodeIgniter\Debug\Exceptions->errorHandler(2, 'Undefined varia...', 'C:\\xampp\\htdocs...', 126)
#1 C:\xampp\htdocs\pkl\system\View\View.php(210): include('C:\\xampp\\htdocs...')
#2 C:\xampp\htdocs\pkl\system\View\View.php(213): CodeIgniter\View\View->CodeIgniter\View\{closure}()
#3 C:\xampp\htdocs\pkl\system\Common.php(1089): CodeIgniter\View\View->render('scientist/creat...', Array, true)
#4 C:\xampp\htdocs\pkl\app\Controllers\Form.php(48): view('scientist/creat...', Array)
#5 C:\xampp\htdocs\pkl\system\CodeIgniter.php(832): App\Controllers\Form->create_univ()
#6 C:\xampp\htdocs\pkl\system\CodeIgniter.php(419): CodeIgniter\CodeIgniter->runController(Object(App\Controllers\Form))
#7 C:\xampp\htdocs\pkl\system\CodeIgniter.php(326): CodeIgniter\CodeIgniter->handleRequest(NULL, Object(Config\Cache), false)
#8 C:\xampp\htdocs\pkl\public\index.php(37): CodeIgniter\CodeIgniter->run()
#9 {main}
CRITICAL - 2023-01-14 08:20:48 --> Undefined variable $scientist
#0 C:\xampp\htdocs\pkl\app\Views\scientist\create_univ.php(126): CodeIgniter\Debug\Exceptions->errorHandler(2, 'Undefined varia...', 'C:\\xampp\\htdocs...', 126)
#1 C:\xampp\htdocs\pkl\system\View\View.php(210): include('C:\\xampp\\htdocs...')
#2 C:\xampp\htdocs\pkl\system\View\View.php(213): CodeIgniter\View\View->CodeIgniter\View\{closure}()
#3 C:\xampp\htdocs\pkl\system\Common.php(1089): CodeIgniter\View\View->render('scientist/creat...', Array, true)
#4 C:\xampp\htdocs\pkl\app\Controllers\Form.php(48): view('scientist/creat...', Array)
#5 C:\xampp\htdocs\pkl\system\CodeIgniter.php(832): App\Controllers\Form->create_univ()
#6 C:\xampp\htdocs\pkl\system\CodeIgniter.php(419): CodeIgniter\CodeIgniter->runController(Object(App\Controllers\Form))
#7 C:\xampp\htdocs\pkl\system\CodeIgniter.php(326): CodeIgniter\CodeIgniter->handleRequest(NULL, Object(Config\Cache), false)
#8 C:\xampp\htdocs\pkl\public\index.php(37): CodeIgniter\CodeIgniter->run()
#9 {main}
CRITICAL - 2023-01-14 08:20:48 --> Undefined variable $scientist
#0 C:\xampp\htdocs\pkl\app\Views\scientist\create_univ.php(126): CodeIgniter\Debug\Exceptions->errorHandler(2, 'Undefined varia...', 'C:\\xampp\\htdocs...', 126)
#1 C:\xampp\htdocs\pkl\system\View\View.php(210): include('C:\\xampp\\htdocs...')
#2 C:\xampp\htdocs\pkl\system\View\View.php(213): CodeIgniter\View\View->CodeIgniter\View\{closure}()
#3 C:\xampp\htdocs\pkl\system\Common.php(1089): CodeIgniter\View\View->render('scientist/creat...', Array, true)
#4 C:\xampp\htdocs\pkl\app\Controllers\Form.php(48): view('scientist/creat...', Array)
#5 C:\xampp\htdocs\pkl\system\CodeIgniter.php(832): App\Controllers\Form->create_univ()
#6 C:\xampp\htdocs\pkl\system\CodeIgniter.php(419): CodeIgniter\CodeIgniter->runController(Object(App\Controllers\Form))
#7 C:\xampp\htdocs\pkl\system\CodeIgniter.php(326): CodeIgniter\CodeIgniter->handleRequest(NULL, Object(Config\Cache), false)
#8 C:\xampp\htdocs\pkl\public\index.php(37): CodeIgniter\CodeIgniter->run()
#9 {main}
CRITICAL - 2023-01-14 08:20:49 --> Undefined variable $scientist
#0 C:\xampp\htdocs\pkl\app\Views\scientist\create_univ.php(126): CodeIgniter\Debug\Exceptions->errorHandler(2, 'Undefined varia...', 'C:\\xampp\\htdocs...', 126)
#1 C:\xampp\htdocs\pkl\system\View\View.php(210): include('C:\\xampp\\htdocs...')
#2 C:\xampp\htdocs\pkl\system\View\View.php(213): CodeIgniter\View\View->CodeIgniter\View\{closure}()
#3 C:\xampp\htdocs\pkl\system\Common.php(1089): CodeIgniter\View\View->render('scientist/creat...', Array, true)
#4 C:\xampp\htdocs\pkl\app\Controllers\Form.php(48): view('scientist/creat...', Array)
#5 C:\xampp\htdocs\pkl\system\CodeIgniter.php(832): App\Controllers\Form->create_univ()
#6 C:\xampp\htdocs\pkl\system\CodeIgniter.php(419): CodeIgniter\CodeIgniter->runController(Object(App\Controllers\Form))
#7 C:\xampp\htdocs\pkl\system\CodeIgniter.php(326): CodeIgniter\CodeIgniter->handleRequest(NULL, Object(Config\Cache), false)
#8 C:\xampp\htdocs\pkl\public\index.php(37): CodeIgniter\CodeIgniter->run()
#9 {main}
CRITICAL - 2023-01-14 08:20:49 --> Undefined variable $scientist
#0 C:\xampp\htdocs\pkl\app\Views\scientist\create_univ.php(126): CodeIgniter\Debug\Exceptions->errorHandler(2, 'Undefined varia...', 'C:\\xampp\\htdocs...', 126)
#1 C:\xampp\htdocs\pkl\system\View\View.php(210): include('C:\\xampp\\htdocs...')
#2 C:\xampp\htdocs\pkl\system\View\View.php(213): CodeIgniter\View\View->CodeIgniter\View\{closure}()
#3 C:\xampp\htdocs\pkl\system\Common.php(1089): CodeIgniter\View\View->render('scientist/creat...', Array, true)
#4 C:\xampp\htdocs\pkl\app\Controllers\Form.php(48): view('scientist/creat...', Array)
#5 C:\xampp\htdocs\pkl\system\CodeIgniter.php(832): App\Controllers\Form->create_univ()
#6 C:\xampp\htdocs\pkl\system\CodeIgniter.php(419): CodeIgniter\CodeIgniter->runController(Object(App\Controllers\Form))
#7 C:\xampp\htdocs\pkl\system\CodeIgniter.php(326): CodeIgniter\CodeIgniter->handleRequest(NULL, Object(Config\Cache), false)
#8 C:\xampp\htdocs\pkl\public\index.php(37): CodeIgniter\CodeIgniter->run()
#9 {main}
CRITICAL - 2023-01-14 08:20:49 --> Undefined variable $scientist
#0 C:\xampp\htdocs\pkl\app\Views\scientist\create_univ.php(126): CodeIgniter\Debug\Exceptions->errorHandler(2, 'Undefined varia...', 'C:\\xampp\\htdocs...', 126)
#1 C:\xampp\htdocs\pkl\system\View\View.php(210): include('C:\\xampp\\htdocs...')
#2 C:\xampp\htdocs\pkl\system\View\View.php(213): CodeIgniter\View\View->CodeIgniter\View\{closure}()
#3 C:\xampp\htdocs\pkl\system\Common.php(1089): CodeIgniter\View\View->render('scientist/creat...', Array, true)
#4 C:\xampp\htdocs\pkl\app\Controllers\Form.php(48): view('scientist/creat...', Array)
#5 C:\xampp\htdocs\pkl\system\CodeIgniter.php(832): App\Controllers\Form->create_univ()
#6 C:\xampp\htdocs\pkl\system\CodeIgniter.php(419): CodeIgniter\CodeIgniter->runController(Object(App\Controllers\Form))
#7 C:\xampp\htdocs\pkl\system\CodeIgniter.php(326): CodeIgniter\CodeIgniter->handleRequest(NULL, Object(Config\Cache), false)
#8 C:\xampp\htdocs\pkl\public\index.php(37): CodeIgniter\CodeIgniter->run()
#9 {main}
CRITICAL - 2023-01-14 08:30:00 --> Undefined variable $scientist
#0 C:\xampp\htdocs\pkl\app\Views\scientist\create_univ.php(126): CodeIgniter\Debug\Exceptions->errorHandler(2, 'Undefined varia...', 'C:\\xampp\\htdocs...', 126)
#1 C:\xampp\htdocs\pkl\system\View\View.php(210): include('C:\\xampp\\htdocs...')
#2 C:\xampp\htdocs\pkl\system\View\View.php(213): CodeIgniter\View\View->CodeIgniter\View\{closure}()
#3 C:\xampp\htdocs\pkl\system\Common.php(1089): CodeIgniter\View\View->render('scientist/creat...', Array, true)
#4 C:\xampp\htdocs\pkl\app\Controllers\Form.php(48): view('scientist/creat...', Array)
#5 C:\xampp\htdocs\pkl\system\CodeIgniter.php(832): App\Controllers\Form->create_univ()
#6 C:\xampp\htdocs\pkl\system\CodeIgniter.php(419): CodeIgniter\CodeIgniter->runController(Object(App\Controllers\Form))
#7 C:\xampp\htdocs\pkl\system\CodeIgniter.php(326): CodeIgniter\CodeIgniter->handleRequest(NULL, Object(Config\Cache), false)
#8 C:\xampp\htdocs\pkl\public\index.php(37): CodeIgniter\CodeIgniter->run()
#9 {main}
CRITICAL - 2023-01-14 08:30:09 --> Undefined variable $scientist
#0 C:\xampp\htdocs\pkl\app\Views\scientist\create_univ.php(126): CodeIgniter\Debug\Exceptions->errorHandler(2, 'Undefined varia...', 'C:\\xampp\\htdocs...', 126)
#1 C:\xampp\htdocs\pkl\system\View\View.php(210): include('C:\\xampp\\htdocs...')
#2 C:\xampp\htdocs\pkl\system\View\View.php(213): CodeIgniter\View\View->CodeIgniter\View\{closure}()
#3 C:\xampp\htdocs\pkl\system\Common.php(1089): CodeIgniter\View\View->render('scientist/creat...', Array, true)
#4 C:\xampp\htdocs\pkl\app\Controllers\Form.php(48): view('scientist/creat...', Array)
#5 C:\xampp\htdocs\pkl\system\CodeIgniter.php(832): App\Controllers\Form->create_univ()
#6 C:\xampp\htdocs\pkl\system\CodeIgniter.php(419): CodeIgniter\CodeIgniter->runController(Object(App\Controllers\Form))
#7 C:\xampp\htdocs\pkl\system\CodeIgniter.php(326): CodeIgniter\CodeIgniter->handleRequest(NULL, Object(Config\Cache), false)
#8 C:\xampp\htdocs\pkl\public\index.php(37): CodeIgniter\CodeIgniter->run()
#9 {main}
CRITICAL - 2023-01-14 08:38:58 --> Undefined variable $scientist
#0 C:\xampp\htdocs\pkl\app\Views\scientist\create_univ.php(126): CodeIgniter\Debug\Exceptions->errorHandler(2, 'Undefined varia...', 'C:\\xampp\\htdocs...', 126)
#1 C:\xampp\htdocs\pkl\system\View\View.php(210): include('C:\\xampp\\htdocs...')
#2 C:\xampp\htdocs\pkl\system\View\View.php(213): CodeIgniter\View\View->CodeIgniter\View\{closure}()
#3 C:\xampp\htdocs\pkl\system\Common.php(1089): CodeIgniter\View\View->render('scientist/creat...', Array, true)
#4 C:\xampp\htdocs\pkl\app\Controllers\Form.php(48): view('scientist/creat...', Array)
#5 C:\xampp\htdocs\pkl\system\CodeIgniter.php(832): App\Controllers\Form->create_univ()
#6 C:\xampp\htdocs\pkl\system\CodeIgniter.php(419): CodeIgniter\CodeIgniter->runController(Object(App\Controllers\Form))
#7 C:\xampp\htdocs\pkl\system\CodeIgniter.php(326): CodeIgniter\CodeIgniter->handleRequest(NULL, Object(Config\Cache), false)
#8 C:\xampp\htdocs\pkl\public\index.php(37): CodeIgniter\CodeIgniter->run()
#9 {main}
CRITICAL - 2023-01-14 08:39:06 --> Undefined variable $scientist
#0 C:\xampp\htdocs\pkl\app\Views\scientist\create_univ.php(126): CodeIgniter\Debug\Exceptions->errorHandler(2, 'Undefined varia...', 'C:\\xampp\\htdocs...', 126)
#1 C:\xampp\htdocs\pkl\system\View\View.php(210): include('C:\\xampp\\htdocs...')
#2 C:\xampp\htdocs\pkl\system\View\View.php(213): CodeIgniter\View\View->CodeIgniter\View\{closure}()
#3 C:\xampp\htdocs\pkl\system\Common.php(1089): CodeIgniter\View\View->render('scientist/creat...', Array, true)
#4 C:\xampp\htdocs\pkl\app\Controllers\Form.php(48): view('scientist/creat...', Array)
#5 C:\xampp\htdocs\pkl\system\CodeIgniter.php(832): App\Controllers\Form->create_univ()
#6 C:\xampp\htdocs\pkl\system\CodeIgniter.php(419): CodeIgniter\CodeIgniter->runController(Object(App\Controllers\Form))
#7 C:\xampp\htdocs\pkl\system\CodeIgniter.php(326): CodeIgniter\CodeIgniter->handleRequest(NULL, Object(Config\Cache), false)
#8 C:\xampp\htdocs\pkl\public\index.php(37): CodeIgniter\CodeIgniter->run()
#9 {main}
ERROR - 2023-01-14 08:50:30 --> Table 'beasiswa.tugasakhir' doesn't exist
CRITICAL - 2023-01-14 08:50:30 --> Table 'beasiswa.tugasakhir' doesn't exist
#0 C:\xampp\htdocs\pkl\system\Database\MySQLi\Connection.php(292): mysqli->query('SELECT *\nFROM `...', 0)
#1 C:\xampp\htdocs\pkl\system\Database\BaseConnection.php(670): CodeIgniter\Database\MySQLi\Connection->execute('SELECT *\nFROM `...')
#2 C:\xampp\htdocs\pkl\system\Database\BaseConnection.php(598): CodeIgniter\Database\BaseConnection->simpleQuery('SELECT *\nFROM `...')
#3 C:\xampp\htdocs\pkl\system\Database\BaseBuilder.php(1455): CodeIgniter\Database\BaseConnection->query('SELECT *\nFROM `...', Array, false)
#4 C:\xampp\htdocs\pkl\system\Model.php(183): CodeIgniter\Database\BaseBuilder->get()
#5 C:\xampp\htdocs\pkl\system\BaseModel.php(584): CodeIgniter\Model->doFindAll(0, 0)
#6 C:\xampp\htdocs\pkl\app\Controllers\TugasAkhir.php(21): CodeIgniter\BaseModel->findAll()
#7 C:\xampp\htdocs\pkl\system\CodeIgniter.php(832): App\Controllers\Tugasakhir->index()
#8 C:\xampp\htdocs\pkl\system\CodeIgniter.php(419): CodeIgniter\CodeIgniter->runController(Object(App\Controllers\Tugasakhir))
#9 C:\xampp\htdocs\pkl\system\CodeIgniter.php(326): CodeIgniter\CodeIgniter->handleRequest(NULL, Object(Config\Cache), false)
#10 C:\xampp\htdocs\pkl\public\index.php(37): CodeIgniter\CodeIgniter->run()
#11 {main}
ERROR - 2023-01-14 08:50:53 --> Table 'beasiswa.tugasakhir' doesn't exist
CRITICAL - 2023-01-14 08:50:53 --> Table 'beasiswa.tugasakhir' doesn't exist
#0 C:\xampp\htdocs\pkl\system\Database\MySQLi\Connection.php(292): mysqli->query('SELECT *\nFROM `...', 0)
#1 C:\xampp\htdocs\pkl\system\Database\BaseConnection.php(670): CodeIgniter\Database\MySQLi\Connection->execute('SELECT *\nFROM `...')
#2 C:\xampp\htdocs\pkl\system\Database\BaseConnection.php(598): CodeIgniter\Database\BaseConnection->simpleQuery('SELECT *\nFROM `...')
#3 C:\xampp\htdocs\pkl\system\Database\BaseBuilder.php(1455): CodeIgniter\Database\BaseConnection->query('SELECT *\nFROM `...', Array, false)
#4 C:\xampp\htdocs\pkl\system\Model.php(183): CodeIgniter\Database\BaseBuilder->get()
#5 C:\xampp\htdocs\pkl\system\BaseModel.php(584): CodeIgniter\Model->doFindAll(0, 0)
#6 C:\xampp\htdocs\pkl\app\Controllers\TugasAkhir.php(21): CodeIgniter\BaseModel->findAll()
#7 C:\xampp\htdocs\pkl\system\CodeIgniter.php(832): App\Controllers\Tugasakhir->index()
#8 C:\xampp\htdocs\pkl\system\CodeIgniter.php(419): CodeIgniter\CodeIgniter->runController(Object(App\Controllers\Tugasakhir))
#9 C:\xampp\htdocs\pkl\system\CodeIgniter.php(326): CodeIgniter\CodeIgniter->handleRequest(NULL, Object(Config\Cache), false)
#10 C:\xampp\htdocs\pkl\public\index.php(37): CodeIgniter\CodeIgniter->run()
#11 {main}
ERROR - 2023-01-14 08:52:00 --> Table 'beasiswa.tugasakhir' doesn't exist
CRITICAL - 2023-01-14 08:52:00 --> Table 'beasiswa.tugasakhir' doesn't exist
#0 C:\xampp\htdocs\pkl\system\Database\MySQLi\Connection.php(292): mysqli->query('SELECT *\nFROM `...', 0)
#1 C:\xampp\htdocs\pkl\system\Database\BaseConnection.php(670): CodeIgniter\Database\MySQLi\Connection->execute('SELECT *\nFROM `...')
#2 C:\xampp\htdocs\pkl\system\Database\BaseConnection.php(598): CodeIgniter\Database\BaseConnection->simpleQuery('SELECT *\nFROM `...')
#3 C:\xampp\htdocs\pkl\system\Database\BaseBuilder.php(1455): CodeIgniter\Database\BaseConnection->query('SELECT *\nFROM `...', Array, false)
#4 C:\xampp\htdocs\pkl\system\Model.php(183): CodeIgniter\Database\BaseBuilder->get()
#5 C:\xampp\htdocs\pkl\system\BaseModel.php(584): CodeIgniter\Model->doFindAll(0, 0)
#6 C:\xampp\htdocs\pkl\app\Controllers\TugasAkhir.php(21): CodeIgniter\BaseModel->findAll()
#7 C:\xampp\htdocs\pkl\system\CodeIgniter.php(832): App\Controllers\Tugasakhir->index()
#8 C:\xampp\htdocs\pkl\system\CodeIgniter.php(419): CodeIgniter\CodeIgniter->runController(Object(App\Controllers\Tugasakhir))
#9 C:\xampp\htdocs\pkl\system\CodeIgniter.php(326): CodeIgniter\CodeIgniter->handleRequest(NULL, Object(Config\Cache), false)
#10 C:\xampp\htdocs\pkl\public\index.php(37): CodeIgniter\CodeIgniter->run()
#11 {main}
ERROR - 2023-01-14 09:09:35 --> Unknown column 'email' in 'where clause'
CRITICAL - 2023-01-14 09:09:35 --> Unknown column 'email' in 'where clause'
#0 C:\xampp\htdocs\pkl\system\Database\MySQLi\Connection.php(292): mysqli->query('SELECT *\nFROM `...', 0)
#1 C:\xampp\htdocs\pkl\system\Database\BaseConnection.php(670): CodeIgniter\Database\MySQLi\Connection->execute('SELECT *\nFROM `...')
#2 C:\xampp\htdocs\pkl\system\Database\BaseConnection.php(598): CodeIgniter\Database\BaseConnection->simpleQuery('SELECT *\nFROM `...')
#3 C:\xampp\htdocs\pkl\system\Database\BaseBuilder.php(1455): CodeIgniter\Database\BaseConnection->query('SELECT *\nFROM `...', Array, false)
#4 C:\xampp\htdocs\pkl\system\Model.php(210): CodeIgniter\Database\BaseBuilder->get()
#5 C:\xampp\htdocs\pkl\system\BaseModel.php(622): CodeIgniter\Model->doFirst()
#6 C:\xampp\htdocs\pkl\app\Controllers\Validate.php(18): CodeIgniter\BaseModel->first()
#7 C:\xampp\htdocs\pkl\system\CodeIgniter.php(832): App\Controllers\Validate->loginAuth()
#8 C:\xampp\htdocs\pkl\system\CodeIgniter.php(419): CodeIgniter\CodeIgniter->runController(Object(App\Controllers\Validate))
#9 C:\xampp\htdocs\pkl\system\CodeIgniter.php(326): CodeIgniter\CodeIgniter->handleRequest(NULL, Object(Config\Cache), false)
#10 C:\xampp\htdocs\pkl\public\index.php(37): CodeIgniter\CodeIgniter->run()
#11 {main}
CRITICAL - 2023-01-14 09:21:08 --> Undefined variable $scientist
#0 C:\xampp\htdocs\pkl\app\Views\scientist\create_univ.php(126): CodeIgniter\Debug\Exceptions->errorHandler(2, 'Undefined varia...', 'C:\\xampp\\htdocs...', 126)
#1 C:\xampp\htdocs\pkl\system\View\View.php(210): include('C:\\xampp\\htdocs...')
#2 C:\xampp\htdocs\pkl\system\View\View.php(213): CodeIgniter\View\View->CodeIgniter\View\{closure}()
#3 C:\xampp\htdocs\pkl\system\Common.php(1089): CodeIgniter\View\View->render('scientist/creat...', Array, true)
#4 C:\xampp\htdocs\pkl\app\Controllers\Form.php(48): view('scientist/creat...', Array)
#5 C:\xampp\htdocs\pkl\system\CodeIgniter.php(832): App\Controllers\Form->create_univ()
#6 C:\xampp\htdocs\pkl\system\CodeIgniter.php(419): CodeIgniter\CodeIgniter->runController(Object(App\Controllers\Form))
#7 C:\xampp\htdocs\pkl\system\CodeIgniter.php(326): CodeIgniter\CodeIgniter->handleRequest(NULL, Object(Config\Cache), false)
#8 C:\xampp\htdocs\pkl\public\index.php(37): CodeIgniter\CodeIgniter->run()
#9 {main}
CRITICAL - 2023-01-14 09:37:52 --> Undefined variable $title
#0 C:\xampp\htdocs\pkl\app\Views\layout\template_d_user.php(7): CodeIgniter\Debug\Exceptions->errorHandler(2, 'Undefined varia...', 'C:\\xampp\\htdocs...', 7)
#1 C:\xampp\htdocs\pkl\system\View\View.php(210): include('C:\\xampp\\htdocs...')
#2 C:\xampp\htdocs\pkl\system\View\View.php(213): CodeIgniter\View\View->CodeIgniter\View\{closure}()
#3 C:\xampp\htdocs\pkl\system\View\View.php(226): CodeIgniter\View\View->render('layout/template...', Array, true)
#4 C:\xampp\htdocs\pkl\system\Common.php(1089): CodeIgniter\View\View->render('user/index', Array, true)
#5 C:\xampp\htdocs\pkl\app\Controllers\User.php(16): view('user/index', Array)
#6 C:\xampp\htdocs\pkl\system\CodeIgniter.php(832): App\Controllers\User->index()
#7 C:\xampp\htdocs\pkl\system\CodeIgniter.php(419): CodeIgniter\CodeIgniter->runController(Object(App\Controllers\User))
#8 C:\xampp\htdocs\pkl\system\CodeIgniter.php(326): CodeIgniter\CodeIgniter->handleRequest(NULL, Object(Config\Cache), false)
#9 C:\xampp\htdocs\pkl\public\index.php(37): CodeIgniter\CodeIgniter->run()
#10 {main}
CRITICAL - 2023-01-14 09:49:18 --> Undefined variable $title
#0 C:\xampp\htdocs\pkl\app\Views\layout\template_d_user.php(7): CodeIgniter\Debug\Exceptions->errorHandler(2, 'Undefined varia...', 'C:\\xampp\\htdocs...', 7)
#1 C:\xampp\htdocs\pkl\system\View\View.php(210): include('C:\\xampp\\htdocs...')
#2 C:\xampp\htdocs\pkl\system\View\View.php(213): CodeIgniter\View\View->CodeIgniter\View\{closure}()
#3 C:\xampp\htdocs\pkl\system\View\View.php(226): CodeIgniter\View\View->render('layout/template...', Array, true)
#4 C:\xampp\htdocs\pkl\system\Common.php(1089): CodeIgniter\View\View->render('user/index', Array, true)
#5 C:\xampp\htdocs\pkl\app\Controllers\User.php(16): view('user/index', Array)
#6 C:\xampp\htdocs\pkl\system\CodeIgniter.php(832): App\Controllers\User->index()
#7 C:\xampp\htdocs\pkl\system\CodeIgniter.php(419): CodeIgniter\CodeIgniter->runController(Object(App\Controllers\User))
#8 C:\xampp\htdocs\pkl\system\CodeIgniter.php(326): CodeIgniter\CodeIgniter->handleRequest(NULL, Object(Config\Cache), false)
#9 C:\xampp\htdocs\pkl\public\index.php(37): CodeIgniter\CodeIgniter->run()
#10 {main}
CRITICAL - 2023-01-14 09:51:05 --> Undefined variable $user
#0 C:\xampp\htdocs\pkl\app\Views\user\index.php(129): CodeIgniter\Debug\Exceptions->errorHandler(2, 'Undefined varia...', 'C:\\xampp\\htdocs...', 129)
#1 C:\xampp\htdocs\pkl\system\View\View.php(210): include('C:\\xampp\\htdocs...')
#2 C:\xampp\htdocs\pkl\system\View\View.php(213): CodeIgniter\View\View->CodeIgniter\View\{closure}()
#3 C:\xampp\htdocs\pkl\system\Common.php(1089): CodeIgniter\View\View->render('user/index', Array, true)
#4 C:\xampp\htdocs\pkl\app\Controllers\User.php(16): view('user/index', Array)
#5 C:\xampp\htdocs\pkl\system\CodeIgniter.php(832): App\Controllers\User->index()
#6 C:\xampp\htdocs\pkl\system\CodeIgniter.php(419): CodeIgniter\CodeIgniter->runController(Object(App\Controllers\User))
#7 C:\xampp\htdocs\pkl\system\CodeIgniter.php(326): CodeIgniter\CodeIgniter->handleRequest(NULL, Object(Config\Cache), false)
#8 C:\xampp\htdocs\pkl\public\index.php(37): CodeIgniter\CodeIgniter->run()
#9 {main}
CRITICAL - 2023-01-14 09:55:34 --> Undefined variable $scientist
#0 C:\xampp\htdocs\pkl\app\Views\user\index.php(129): CodeIgniter\Debug\Exceptions->errorHandler(2, 'Undefined varia...', 'C:\\xampp\\htdocs...', 129)
#1 C:\xampp\htdocs\pkl\system\View\View.php(210): include('C:\\xampp\\htdocs...')
#2 C:\xampp\htdocs\pkl\system\View\View.php(213): CodeIgniter\View\View->CodeIgniter\View\{closure}()
#3 C:\xampp\htdocs\pkl\system\Common.php(1089): CodeIgniter\View\View->render('user/index', Array, true)
#4 C:\xampp\htdocs\pkl\app\Controllers\User.php(17): view('user/index', Array)
#5 C:\xampp\htdocs\pkl\system\CodeIgniter.php(832): App\Controllers\User->index()
#6 C:\xampp\htdocs\pkl\system\CodeIgniter.php(419): CodeIgniter\CodeIgniter->runController(Object(App\Controllers\User))
#7 C:\xampp\htdocs\pkl\system\CodeIgniter.php(326): CodeIgniter\CodeIgniter->handleRequest(NULL, Object(Config\Cache), false)
#8 C:\xampp\htdocs\pkl\public\index.php(37): CodeIgniter\CodeIgniter->run()
#9 {main}
CRITICAL - 2023-01-14 10:01:37 --> Undefined variable $scientist
#0 C:\xampp\htdocs\pkl\app\Views\scientist\create_univ.php(126): CodeIgniter\Debug\Exceptions->errorHandler(2, 'Undefined varia...', 'C:\\xampp\\htdocs...', 126)
#1 C:\xampp\htdocs\pkl\system\View\View.php(210): include('C:\\xampp\\htdocs...')
#2 C:\xampp\htdocs\pkl\system\View\View.php(213): CodeIgniter\View\View->CodeIgniter\View\{closure}()
#3 C:\xampp\htdocs\pkl\system\Common.php(1089): CodeIgniter\View\View->render('scientist/creat...', Array, true)
#4 C:\xampp\htdocs\pkl\app\Controllers\Form.php(54): view('scientist/creat...', Array)
#5 C:\xampp\htdocs\pkl\system\CodeIgniter.php(832): App\Controllers\Form->create_univ()
#6 C:\xampp\htdocs\pkl\system\CodeIgniter.php(419): CodeIgniter\CodeIgniter->runController(Object(App\Controllers\Form))
#7 C:\xampp\htdocs\pkl\system\CodeIgniter.php(326): CodeIgniter\CodeIgniter->handleRequest(NULL, Object(Config\Cache), false)
#8 C:\xampp\htdocs\pkl\public\index.php(37): CodeIgniter\CodeIgniter->run()
#9 {main}
CRITICAL - 2023-01-14 10:01:46 --> Undefined variable $scientist
#0 C:\xampp\htdocs\pkl\app\Views\user\index.php(129): CodeIgniter\Debug\Exceptions->errorHandler(2, 'Undefined varia...', 'C:\\xampp\\htdocs...', 129)
#1 C:\xampp\htdocs\pkl\system\View\View.php(210): include('C:\\xampp\\htdocs...')
#2 C:\xampp\htdocs\pkl\system\View\View.php(213): CodeIgniter\View\View->CodeIgniter\View\{closure}()
#3 C:\xampp\htdocs\pkl\system\Common.php(1089): CodeIgniter\View\View->render('user/index', Array, true)
#4 C:\xampp\htdocs\pkl\app\Controllers\User.php(17): view('user/index', Array)
#5 C:\xampp\htdocs\pkl\system\CodeIgniter.php(832): App\Controllers\User->index()
#6 C:\xampp\htdocs\pkl\system\CodeIgniter.php(419): CodeIgniter\CodeIgniter->runController(Object(App\Controllers\User))
#7 C:\xampp\htdocs\pkl\system\CodeIgniter.php(326): CodeIgniter\CodeIgniter->handleRequest(NULL, Object(Config\Cache), false)
#8 C:\xampp\htdocs\pkl\public\index.php(37): CodeIgniter\CodeIgniter->run()
#9 {main}
CRITICAL - 2023-01-14 10:01:47 --> Undefined variable $scientist
#0 C:\xampp\htdocs\pkl\app\Views\user\index.php(129): CodeIgniter\Debug\Exceptions->errorHandler(2, 'Undefined varia...', 'C:\\xampp\\htdocs...', 129)
#1 C:\xampp\htdocs\pkl\system\View\View.php(210): include('C:\\xampp\\htdocs...')
#2 C:\xampp\htdocs\pkl\system\View\View.php(213): CodeIgniter\View\View->CodeIgniter\View\{closure}()
#3 C:\xampp\htdocs\pkl\system\Common.php(1089): CodeIgniter\View\View->render('user/index', Array, true)
#4 C:\xampp\htdocs\pkl\app\Controllers\User.php(17): view('user/index', Array)
#5 C:\xampp\htdocs\pkl\system\CodeIgniter.php(832): App\Controllers\User->index()
#6 C:\xampp\htdocs\pkl\system\CodeIgniter.php(419): CodeIgniter\CodeIgniter->runController(Object(App\Controllers\User))
#7 C:\xampp\htdocs\pkl\system\CodeIgniter.php(326): CodeIgniter\CodeIgniter->handleRequest(NULL, Object(Config\Cache), false)
#8 C:\xampp\htdocs\pkl\public\index.php(37): CodeIgniter\CodeIgniter->run()
#9 {main}
CRITICAL - 2023-01-14 10:02:30 --> Undefined property: App\Controllers\User::$scientist
#0 C:\xampp\htdocs\pkl\app\Controllers\User.php(17): CodeIgniter\Debug\Exceptions->errorHandler(2, 'Undefined prope...', 'C:\\xampp\\htdocs...', 17)
#1 C:\xampp\htdocs\pkl\system\CodeIgniter.php(832): App\Controllers\User->index()
#2 C:\xampp\htdocs\pkl\system\CodeIgniter.php(419): CodeIgniter\CodeIgniter->runController(Object(App\Controllers\User))
#3 C:\xampp\htdocs\pkl\system\CodeIgniter.php(326): CodeIgniter\CodeIgniter->handleRequest(NULL, Object(Config\Cache), false)
#4 C:\xampp\htdocs\pkl\public\index.php(37): CodeIgniter\CodeIgniter->run()
#5 {main}
CRITICAL - 2023-01-14 10:02:30 --> Undefined property: App\Controllers\User::$scientist
#0 C:\xampp\htdocs\pkl\app\Controllers\User.php(17): CodeIgniter\Debug\Exceptions->errorHandler(2, 'Undefined prope...', 'C:\\xampp\\htdocs...', 17)
#1 C:\xampp\htdocs\pkl\system\CodeIgniter.php(832): App\Controllers\User->index()
#2 C:\xampp\htdocs\pkl\system\CodeIgniter.php(419): CodeIgniter\CodeIgniter->runController(Object(App\Controllers\User))
#3 C:\xampp\htdocs\pkl\system\CodeIgniter.php(326): CodeIgniter\CodeIgniter->handleRequest(NULL, Object(Config\Cache), false)
#4 C:\xampp\htdocs\pkl\public\index.php(37): CodeIgniter\CodeIgniter->run()
#5 {main}
CRITICAL - 2023-01-14 10:03:31 --> Undefined property: App\Controllers\User::$scientist
#0 C:\xampp\htdocs\pkl\app\Controllers\User.php(17): CodeIgniter\Debug\Exceptions->errorHandler(2, 'Undefined prope...', 'C:\\xampp\\htdocs...', 17)
#1 C:\xampp\htdocs\pkl\system\CodeIgniter.php(832): App\Controllers\User->index()
#2 C:\xampp\htdocs\pkl\system\CodeIgniter.php(419): CodeIgniter\CodeIgniter->runController(Object(App\Controllers\User))
#3 C:\xampp\htdocs\pkl\system\CodeIgniter.php(326): CodeIgniter\CodeIgniter->handleRequest(NULL, Object(Config\Cache), false)
#4 C:\xampp\htdocs\pkl\public\index.php(37): CodeIgniter\CodeIgniter->run()
#5 {main}
CRITICAL - 2023-01-14 10:03:32 --> Undefined property: App\Controllers\User::$scientist
#0 C:\xampp\htdocs\pkl\app\Controllers\User.php(17): CodeIgniter\Debug\Exceptions->errorHandler(2, 'Undefined prope...', 'C:\\xampp\\htdocs...', 17)
#1 C:\xampp\htdocs\pkl\system\CodeIgniter.php(832): App\Controllers\User->index()
#2 C:\xampp\htdocs\pkl\system\CodeIgniter.php(419): CodeIgniter\CodeIgniter->runController(Object(App\Controllers\User))
#3 C:\xampp\htdocs\pkl\system\CodeIgniter.php(326): CodeIgniter\CodeIgniter->handleRequest(NULL, Object(Config\Cache), false)
#4 C:\xampp\htdocs\pkl\public\index.php(37): CodeIgniter\CodeIgniter->run()
#5 {main}
CRITICAL - 2023-01-14 10:07:58 --> Undefined property: App\Controllers\User::$scientist
#0 C:\xampp\htdocs\pkl\app\Controllers\User.php(17): CodeIgniter\Debug\Exceptions->errorHandler(2, 'Undefined prope...', 'C:\\xampp\\htdocs...', 17)
#1 C:\xampp\htdocs\pkl\system\CodeIgniter.php(832): App\Controllers\User->index()
#2 C:\xampp\htdocs\pkl\system\CodeIgniter.php(419): CodeIgniter\CodeIgniter->runController(Object(App\Controllers\User))
#3 C:\xampp\htdocs\pkl\system\CodeIgniter.php(326): CodeIgniter\CodeIgniter->handleRequest(NULL, Object(Config\Cache), false)
#4 C:\xampp\htdocs\pkl\public\index.php(37): CodeIgniter\CodeIgniter->run()
#5 {main}
CRITICAL - 2023-01-14 10:08:04 --> Undefined property: App\Controllers\User::$scientist
#0 C:\xampp\htdocs\pkl\app\Controllers\User.php(17): CodeIgniter\Debug\Exceptions->errorHandler(2, 'Undefined prope...', 'C:\\xampp\\htdocs...', 17)
#1 C:\xampp\htdocs\pkl\system\CodeIgniter.php(832): App\Controllers\User->index()
#2 C:\xampp\htdocs\pkl\system\CodeIgniter.php(419): CodeIgniter\CodeIgniter->runController(Object(App\Controllers\User))
#3 C:\xampp\htdocs\pkl\system\CodeIgniter.php(326): CodeIgniter\CodeIgniter->handleRequest(NULL, Object(Config\Cache), false)
#4 C:\xampp\htdocs\pkl\public\index.php(37): CodeIgniter\CodeIgniter->run()
#5 {main}
CRITICAL - 2023-01-14 10:08:05 --> Undefined property: App\Controllers\User::$scientist
#0 C:\xampp\htdocs\pkl\app\Controllers\User.php(17): CodeIgniter\Debug\Exceptions->errorHandler(2, 'Undefined prope...', 'C:\\xampp\\htdocs...', 17)
#1 C:\xampp\htdocs\pkl\system\CodeIgniter.php(832): App\Controllers\User->index()
#2 C:\xampp\htdocs\pkl\system\CodeIgniter.php(419): CodeIgniter\CodeIgniter->runController(Object(App\Controllers\User))
#3 C:\xampp\htdocs\pkl\system\CodeIgniter.php(326): CodeIgniter\CodeIgniter->handleRequest(NULL, Object(Config\Cache), false)
#4 C:\xampp\htdocs\pkl\public\index.php(37): CodeIgniter\CodeIgniter->run()
#5 {main}
CRITICAL - 2023-01-14 10:08:25 --> Undefined variable $scientist
#0 C:\xampp\htdocs\pkl\app\Views\user\index.php(129): CodeIgniter\Debug\Exceptions->errorHandler(2, 'Undefined varia...', 'C:\\xampp\\htdocs...', 129)
#1 C:\xampp\htdocs\pkl\system\View\View.php(210): include('C:\\xampp\\htdocs...')
#2 C:\xampp\htdocs\pkl\system\View\View.php(213): CodeIgniter\View\View->CodeIgniter\View\{closure}()
#3 C:\xampp\htdocs\pkl\system\Common.php(1089): CodeIgniter\View\View->render('user/index', Array, true)
#4 C:\xampp\htdocs\pkl\app\Controllers\User.php(16): view('user/index', Array)
#5 C:\xampp\htdocs\pkl\system\CodeIgniter.php(832): App\Controllers\User->index()
#6 C:\xampp\htdocs\pkl\system\CodeIgniter.php(419): CodeIgniter\CodeIgniter->runController(Object(App\Controllers\User))
#7 C:\xampp\htdocs\pkl\system\CodeIgniter.php(326): CodeIgniter\CodeIgniter->handleRequest(NULL, Object(Config\Cache), false)
#8 C:\xampp\htdocs\pkl\public\index.php(37): CodeIgniter\CodeIgniter->run()
#9 {main}
CRITICAL - 2023-01-14 10:08:56 --> Undefined variable $user
#0 C:\xampp\htdocs\pkl\app\Views\user\index.php(129): CodeIgniter\Debug\Exceptions->errorHandler(2, 'Undefined varia...', 'C:\\xampp\\htdocs...', 129)
#1 C:\xampp\htdocs\pkl\system\View\View.php(210): include('C:\\xampp\\htdocs...')
#2 C:\xampp\htdocs\pkl\system\View\View.php(213): CodeIgniter\View\View->CodeIgniter\View\{closure}()
#3 C:\xampp\htdocs\pkl\system\Common.php(1089): CodeIgniter\View\View->render('user/index', Array, true)
#4 C:\xampp\htdocs\pkl\app\Controllers\User.php(16): view('user/index', Array)
#5 C:\xampp\htdocs\pkl\system\CodeIgniter.php(832): App\Controllers\User->index()
#6 C:\xampp\htdocs\pkl\system\CodeIgniter.php(419): CodeIgniter\CodeIgniter->runController(Object(App\Controllers\User))
#7 C:\xampp\htdocs\pkl\system\CodeIgniter.php(326): CodeIgniter\CodeIgniter->handleRequest(NULL, Object(Config\Cache), false)
#8 C:\xampp\htdocs\pkl\public\index.php(37): CodeIgniter\CodeIgniter->run()
#9 {main}
CRITICAL - 2023-01-14 10:08:57 --> Undefined variable $user
#0 C:\xampp\htdocs\pkl\app\Views\user\index.php(129): CodeIgniter\Debug\Exceptions->errorHandler(2, 'Undefined varia...', 'C:\\xampp\\htdocs...', 129)
#1 C:\xampp\htdocs\pkl\system\View\View.php(210): include('C:\\xampp\\htdocs...')
#2 C:\xampp\htdocs\pkl\system\View\View.php(213): CodeIgniter\View\View->CodeIgniter\View\{closure}()
#3 C:\xampp\htdocs\pkl\system\Common.php(1089): CodeIgniter\View\View->render('user/index', Array, true)
#4 C:\xampp\htdocs\pkl\app\Controllers\User.php(16): view('user/index', Array)
#5 C:\xampp\htdocs\pkl\system\CodeIgniter.php(832): App\Controllers\User->index()
#6 C:\xampp\htdocs\pkl\system\CodeIgniter.php(419): CodeIgniter\CodeIgniter->runController(Object(App\Controllers\User))
#7 C:\xampp\htdocs\pkl\system\CodeIgniter.php(326): CodeIgniter\CodeIgniter->handleRequest(NULL, Object(Config\Cache), false)
#8 C:\xampp\htdocs\pkl\public\index.php(37): CodeIgniter\CodeIgniter->run()
#9 {main}
CRITICAL - 2023-01-14 10:17:59 --> Undefined property: stdClass::$id_user
#0 C:\xampp\htdocs\pkl\app\Views\user\index.php(127): CodeIgniter\Debug\Exceptions->errorHandler(2, 'Undefined prope...', 'C:\\xampp\\htdocs...', 127)
#1 C:\xampp\htdocs\pkl\system\View\View.php(210): include('C:\\xampp\\htdocs...')
#2 C:\xampp\htdocs\pkl\system\View\View.php(213): CodeIgniter\View\View->CodeIgniter\View\{closure}()
#3 C:\xampp\htdocs\pkl\system\Common.php(1089): CodeIgniter\View\View->render('user/index', Array, true)
#4 C:\xampp\htdocs\pkl\app\Controllers\User.php(17): view('user/index', Array)
#5 C:\xampp\htdocs\pkl\system\CodeIgniter.php(832): App\Controllers\User->index()
#6 C:\xampp\htdocs\pkl\system\CodeIgniter.php(419): CodeIgniter\CodeIgniter->runController(Object(App\Controllers\User))
#7 C:\xampp\htdocs\pkl\system\CodeIgniter.php(326): CodeIgniter\CodeIgniter->handleRequest(NULL, Object(Config\Cache), false)
#8 C:\xampp\htdocs\pkl\public\index.php(37): CodeIgniter\CodeIgniter->run()
#9 {main}
CRITICAL - 2023-01-14 10:18:11 --> Attempt to read property "nama" on array
#0 C:\xampp\htdocs\pkl\app\Views\user\index.php(136): CodeIgniter\Debug\Exceptions->errorHandler(2, 'Attempt to read...', 'C:\\xampp\\htdocs...', 136)
#1 C:\xampp\htdocs\pkl\system\View\View.php(210): include('C:\\xampp\\htdocs...')
#2 C:\xampp\htdocs\pkl\system\View\View.php(213): CodeIgniter\View\View->CodeIgniter\View\{closure}()
#3 C:\xampp\htdocs\pkl\system\Common.php(1089): CodeIgniter\View\View->render('user/index', Array, true)
#4 C:\xampp\htdocs\pkl\app\Controllers\User.php(17): view('user/index', Array)
#5 C:\xampp\htdocs\pkl\system\CodeIgniter.php(832): App\Controllers\User->index()
#6 C:\xampp\htdocs\pkl\system\CodeIgniter.php(419): CodeIgniter\CodeIgniter->runController(Object(App\Controllers\User))
#7 C:\xampp\htdocs\pkl\system\CodeIgniter.php(326): CodeIgniter\CodeIgniter->handleRequest(NULL, Object(Config\Cache), false)
#8 C:\xampp\htdocs\pkl\public\index.php(37): CodeIgniter\CodeIgniter->run()
#9 {main}
CRITICAL - 2023-01-14 10:27:14 --> Undefined property: stdClass::$hp
#0 C:\xampp\htdocs\pkl\app\Views\user\index.php(184): CodeIgniter\Debug\Exceptions->errorHandler(2, 'Undefined prope...', 'C:\\xampp\\htdocs...', 184)
#1 C:\xampp\htdocs\pkl\system\View\View.php(210): include('C:\\xampp\\htdocs...')
#2 C:\xampp\htdocs\pkl\system\View\View.php(213): CodeIgniter\View\View->CodeIgniter\View\{closure}()
#3 C:\xampp\htdocs\pkl\system\Common.php(1089): CodeIgniter\View\View->render('user/index', Array, true)
#4 C:\xampp\htdocs\pkl\app\Controllers\User.php(17): view('user/index', Array)
#5 C:\xampp\htdocs\pkl\system\CodeIgniter.php(832): App\Controllers\User->index()
#6 C:\xampp\htdocs\pkl\system\CodeIgniter.php(419): CodeIgniter\CodeIgniter->runController(Object(App\Controllers\User))
#7 C:\xampp\htdocs\pkl\system\CodeIgniter.php(326): CodeIgniter\CodeIgniter->handleRequest(NULL, Object(Config\Cache), false)
#8 C:\xampp\htdocs\pkl\public\index.php(37): CodeIgniter\CodeIgniter->run()
#9 {main}
ERROR - 2023-01-14 10:38:40 --> Unknown column 'email' in 'where clause'
CRITICAL - 2023-01-14 10:38:40 --> Unknown column 'email' in 'where clause'
#0 C:\xampp\htdocs\pkl\system\Database\MySQLi\Connection.php(292): mysqli->query('SELECT *\nFROM `...', 0)
#1 C:\xampp\htdocs\pkl\system\Database\BaseConnection.php(670): CodeIgniter\Database\MySQLi\Connection->execute('SELECT *\nFROM `...')
#2 C:\xampp\htdocs\pkl\system\Database\BaseConnection.php(598): CodeIgniter\Database\BaseConnection->simpleQuery('SELECT *\nFROM `...')
#3 C:\xampp\htdocs\pkl\system\Database\BaseBuilder.php(1455): CodeIgniter\Database\BaseConnection->query('SELECT *\nFROM `...', Array, false)
#4 C:\xampp\htdocs\pkl\system\Model.php(210): CodeIgniter\Database\BaseBuilder->get()
#5 C:\xampp\htdocs\pkl\system\BaseModel.php(622): CodeIgniter\Model->doFirst()
#6 C:\xampp\htdocs\pkl\app\Controllers\Validate.php(18): CodeIgniter\BaseModel->first()
#7 C:\xampp\htdocs\pkl\system\CodeIgniter.php(832): App\Controllers\Validate->loginAuth()
#8 C:\xampp\htdocs\pkl\system\CodeIgniter.php(419): CodeIgniter\CodeIgniter->runController(Object(App\Controllers\Validate))
#9 C:\xampp\htdocs\pkl\system\CodeIgniter.php(326): CodeIgniter\CodeIgniter->handleRequest(NULL, Object(Config\Cache), false)
#10 C:\xampp\htdocs\pkl\public\index.php(37): CodeIgniter\CodeIgniter->run()
#11 {main}
CRITICAL - 2023-01-14 10:42:22 --> Undefined variable $email
#0 C:\xampp\htdocs\pkl\app\Controllers\Validate.php(20): CodeIgniter\Debug\Exceptions->errorHandler(2, 'Undefined varia...', 'C:\\xampp\\htdocs...', 20)
#1 C:\xampp\htdocs\pkl\system\CodeIgniter.php(832): App\Controllers\Validate->loginAuth()
#2 C:\xampp\htdocs\pkl\system\CodeIgniter.php(419): CodeIgniter\CodeIgniter->runController(Object(App\Controllers\Validate))
#3 C:\xampp\htdocs\pkl\system\CodeIgniter.php(326): CodeIgniter\CodeIgniter->handleRequest(NULL, Object(Config\Cache), false)
#4 C:\xampp\htdocs\pkl\public\index.php(37): CodeIgniter\CodeIgniter->run()
#5 {main}
