ERROR - 2023-01-26 08:39:21 --> Unknown column 'tanggalLahir' in 'field list'
CRITICAL - 2023-01-26 08:39:21 --> Unknown column 'tanggalLahir' in 'field list'
#0 C:\xampp\htdocs\pkl\system\Database\MySQLi\Connection.php(292): mysqli->query('INSERT INTO `sc...', 0)
#1 C:\xampp\htdocs\pkl\system\Database\BaseConnection.php(670): CodeIgniter\Database\MySQLi\Connection->execute('INSERT INTO `sc...')
#2 C:\xampp\htdocs\pkl\system\Database\BaseConnection.php(598): CodeIgniter\Database\BaseConnection->simpleQuery('INSERT INTO `sc...')
#3 C:\xampp\htdocs\pkl\system\Database\BaseBuilder.php(1771): CodeIgniter\Database\BaseConnection->query('INSERT INTO `sc...', Array, false)
#4 C:\xampp\htdocs\pkl\system\Model.php(239): CodeIgniter\Database\BaseBuilder->insert()
#5 C:\xampp\htdocs\pkl\system\BaseModel.php(738): CodeIgniter\Model->doInsert(Array)
#6 C:\xampp\htdocs\pkl\system\Model.php(625): CodeIgniter\BaseModel->insert(Array, true)
#7 C:\xampp\htdocs\pkl\app\Controllers\Form.php(67): CodeIgniter\Model->insert(Array)
#8 C:\xampp\htdocs\pkl\system\CodeIgniter.php(832): App\Controllers\Form->save()
#9 C:\xampp\htdocs\pkl\system\CodeIgniter.php(419): CodeIgniter\CodeIgniter->runController(Object(App\Controllers\Form))
#10 C:\xampp\htdocs\pkl\system\CodeIgniter.php(326): CodeIgniter\CodeIgniter->handleRequest(NULL, Object(Config\Cache), false)
#11 C:\xampp\htdocs\pkl\public\index.php(37): CodeIgniter\CodeIgniter->run()
#12 {main}
ERROR - 2023-01-26 08:41:12 --> Unknown column 'gender' in 'field list'
CRITICAL - 2023-01-26 08:41:12 --> Unknown column 'gender' in 'field list'
#0 C:\xampp\htdocs\pkl\system\Database\MySQLi\Connection.php(292): mysqli->query('INSERT INTO `sc...', 0)
#1 C:\xampp\htdocs\pkl\system\Database\BaseConnection.php(670): CodeIgniter\Database\MySQLi\Connection->execute('INSERT INTO `sc...')
#2 C:\xampp\htdocs\pkl\system\Database\BaseConnection.php(598): CodeIgniter\Database\BaseConnection->simpleQuery('INSERT INTO `sc...')
#3 C:\xampp\htdocs\pkl\system\Database\BaseBuilder.php(1771): CodeIgniter\Database\BaseConnection->query('INSERT INTO `sc...', Array, false)
#4 C:\xampp\htdocs\pkl\system\Model.php(239): CodeIgniter\Database\BaseBuilder->insert()
#5 C:\xampp\htdocs\pkl\system\BaseModel.php(738): CodeIgniter\Model->doInsert(Array)
#6 C:\xampp\htdocs\pkl\system\Model.php(625): CodeIgniter\BaseModel->insert(Array, true)
#7 C:\xampp\htdocs\pkl\app\Controllers\Form.php(67): CodeIgniter\Model->insert(Array)
#8 C:\xampp\htdocs\pkl\system\CodeIgniter.php(832): App\Controllers\Form->save()
#9 C:\xampp\htdocs\pkl\system\CodeIgniter.php(419): CodeIgniter\CodeIgniter->runController(Object(App\Controllers\Form))
#10 C:\xampp\htdocs\pkl\system\CodeIgniter.php(326): CodeIgniter\CodeIgniter->handleRequest(NULL, Object(Config\Cache), false)
#11 C:\xampp\htdocs\pkl\public\index.php(37): CodeIgniter\CodeIgniter->run()
#12 {main}
ERROR - 2023-01-26 08:50:34 --> Unknown column 'gender' in 'field list'
CRITICAL - 2023-01-26 08:50:34 --> Unknown column 'gender' in 'field list'
#0 C:\xampp\htdocs\pkl\system\Database\MySQLi\Connection.php(292): mysqli->query('INSERT INTO `sc...', 0)
#1 C:\xampp\htdocs\pkl\system\Database\BaseConnection.php(670): CodeIgniter\Database\MySQLi\Connection->execute('INSERT INTO `sc...')
#2 C:\xampp\htdocs\pkl\system\Database\BaseConnection.php(598): CodeIgniter\Database\BaseConnection->simpleQuery('INSERT INTO `sc...')
#3 C:\xampp\htdocs\pkl\system\Database\BaseBuilder.php(1771): CodeIgniter\Database\BaseConnection->query('INSERT INTO `sc...', Array, false)
#4 C:\xampp\htdocs\pkl\system\Model.php(239): CodeIgniter\Database\BaseBuilder->insert()
#5 C:\xampp\htdocs\pkl\system\BaseModel.php(738): CodeIgniter\Model->doInsert(Array)
#6 C:\xampp\htdocs\pkl\system\Model.php(625): CodeIgniter\BaseModel->insert(Array, true)
#7 C:\xampp\htdocs\pkl\app\Controllers\Form.php(67): CodeIgniter\Model->insert(Array)
#8 C:\xampp\htdocs\pkl\system\CodeIgniter.php(832): App\Controllers\Form->save()
#9 C:\xampp\htdocs\pkl\system\CodeIgniter.php(419): CodeIgniter\CodeIgniter->runController(Object(App\Controllers\Form))
#10 C:\xampp\htdocs\pkl\system\CodeIgniter.php(326): CodeIgniter\CodeIgniter->handleRequest(NULL, Object(Config\Cache), false)
#11 C:\xampp\htdocs\pkl\public\index.php(37): CodeIgniter\CodeIgniter->run()
#12 {main}
ERROR - 2023-01-26 08:55:32 --> Unknown column 'gender' in 'field list'
CRITICAL - 2023-01-26 08:55:32 --> Unknown column 'gender' in 'field list'
#0 C:\xampp\htdocs\pkl\system\Database\MySQLi\Connection.php(292): mysqli->query('INSERT INTO `sc...', 0)
#1 C:\xampp\htdocs\pkl\system\Database\BaseConnection.php(670): CodeIgniter\Database\MySQLi\Connection->execute('INSERT INTO `sc...')
#2 C:\xampp\htdocs\pkl\system\Database\BaseConnection.php(598): CodeIgniter\Database\BaseConnection->simpleQuery('INSERT INTO `sc...')
#3 C:\xampp\htdocs\pkl\system\Database\BaseBuilder.php(1771): CodeIgniter\Database\BaseConnection->query('INSERT INTO `sc...', Array, false)
#4 C:\xampp\htdocs\pkl\system\Model.php(239): CodeIgniter\Database\BaseBuilder->insert()
#5 C:\xampp\htdocs\pkl\system\BaseModel.php(738): CodeIgniter\Model->doInsert(Array)
#6 C:\xampp\htdocs\pkl\system\Model.php(625): CodeIgniter\BaseModel->insert(Array, true)
#7 C:\xampp\htdocs\pkl\app\Controllers\Form.php(67): CodeIgniter\Model->insert(Array)
#8 C:\xampp\htdocs\pkl\system\CodeIgniter.php(832): App\Controllers\Form->save()
#9 C:\xampp\htdocs\pkl\system\CodeIgniter.php(419): CodeIgniter\CodeIgniter->runController(Object(App\Controllers\Form))
#10 C:\xampp\htdocs\pkl\system\CodeIgniter.php(326): CodeIgniter\CodeIgniter->handleRequest(NULL, Object(Config\Cache), false)
#11 C:\xampp\htdocs\pkl\public\index.php(37): CodeIgniter\CodeIgniter->run()
#12 {main}
ERROR - 2023-01-26 09:01:32 --> Unknown column 'gender' in 'field list'
CRITICAL - 2023-01-26 09:01:32 --> Unknown column 'gender' in 'field list'
#0 C:\xampp\htdocs\pkl\system\Database\MySQLi\Connection.php(292): mysqli->query('INSERT INTO `sc...', 0)
#1 C:\xampp\htdocs\pkl\system\Database\BaseConnection.php(670): CodeIgniter\Database\MySQLi\Connection->execute('INSERT INTO `sc...')
#2 C:\xampp\htdocs\pkl\system\Database\BaseConnection.php(598): CodeIgniter\Database\BaseConnection->simpleQuery('INSERT INTO `sc...')
#3 C:\xampp\htdocs\pkl\system\Database\BaseBuilder.php(1771): CodeIgniter\Database\BaseConnection->query('INSERT INTO `sc...', Array, false)
#4 C:\xampp\htdocs\pkl\system\Model.php(239): CodeIgniter\Database\BaseBuilder->insert()
#5 C:\xampp\htdocs\pkl\system\BaseModel.php(738): CodeIgniter\Model->doInsert(Array)
#6 C:\xampp\htdocs\pkl\system\Model.php(625): CodeIgniter\BaseModel->insert(Array, true)
#7 C:\xampp\htdocs\pkl\app\Controllers\Form.php(67): CodeIgniter\Model->insert(Array)
#8 C:\xampp\htdocs\pkl\system\CodeIgniter.php(832): App\Controllers\Form->save()
#9 C:\xampp\htdocs\pkl\system\CodeIgniter.php(419): CodeIgniter\CodeIgniter->runController(Object(App\Controllers\Form))
#10 C:\xampp\htdocs\pkl\system\CodeIgniter.php(326): CodeIgniter\CodeIgniter->handleRequest(NULL, Object(Config\Cache), false)
#11 C:\xampp\htdocs\pkl\public\index.php(37): CodeIgniter\CodeIgniter->run()
#12 {main}
