CRITICAL - 2022-06-05 22:46:46 --> syntax error, unexpected token "}", expecting ";"
#0 C:\xampp\htdocs\ci\system\Autoloader\Autoloader.php(241): CodeIgniter\Autoloader\Autoloader->includeFile('C:\\xampp\\htdocs...')
#1 C:\xampp\htdocs\ci\system\Autoloader\Autoloader.php(219): CodeIgniter\Autoloader\Autoloader->loadInNamespace('App\\Controllers...')
#2 [internal function]: CodeIgniter\Autoloader\Autoloader->loadClass('App\\Controllers...')
#3 C:\xampp\htdocs\ci\system\CodeIgniter.php(797): class_exists('\\App\\Controller...', true)
#4 C:\xampp\htdocs\ci\system\CodeIgniter.php(406): CodeIgniter\CodeIgniter->startController()
#5 C:\xampp\htdocs\ci\system\CodeIgniter.php(326): CodeIgniter\CodeIgniter->handleRequest(NULL, Object(Config\Cache), false)
#6 C:\xampp\htdocs\ci\public\index.php(37): CodeIgniter\CodeIgniter->run()
#7 {main}
CRITICAL - 2022-06-05 23:49:06 --> Call to a member function findAll() on null
#0 C:\xampp\htdocs\ci\system\CodeIgniter.php(832): App\Controllers\Mha->index()
#1 C:\xampp\htdocs\ci\system\CodeIgniter.php(419): CodeIgniter\CodeIgniter->runController(Object(App\Controllers\Mha))
#2 C:\xampp\htdocs\ci\system\CodeIgniter.php(326): CodeIgniter\CodeIgniter->handleRequest(NULL, Object(Config\Cache), false)
#3 C:\xampp\htdocs\ci\public\index.php(37): CodeIgniter\CodeIgniter->run()
#4 {main}
CRITICAL - 2022-06-05 23:59:40 --> Call to a member function findAll() on null
#0 C:\xampp\htdocs\ci\system\CodeIgniter.php(832): App\Controllers\Mha->index()
#1 C:\xampp\htdocs\ci\system\CodeIgniter.php(419): CodeIgniter\CodeIgniter->runController(Object(App\Controllers\Mha))
#2 C:\xampp\htdocs\ci\system\CodeIgniter.php(326): CodeIgniter\CodeIgniter->handleRequest(NULL, Object(Config\Cache), false)
#3 C:\xampp\htdocs\ci\public\index.php(37): CodeIgniter\CodeIgniter->run()
#4 {main}
CRITICAL - 2022-06-05 23:59:40 --> Call to a member function findAll() on null
#0 C:\xampp\htdocs\ci\system\CodeIgniter.php(832): App\Controllers\Mha->index()
#1 C:\xampp\htdocs\ci\system\CodeIgniter.php(419): CodeIgniter\CodeIgniter->runController(Object(App\Controllers\Mha))
#2 C:\xampp\htdocs\ci\system\CodeIgniter.php(326): CodeIgniter\CodeIgniter->handleRequest(NULL, Object(Config\Cache), false)
#3 C:\xampp\htdocs\ci\public\index.php(37): CodeIgniter\CodeIgniter->run()
#4 {main}
